120
20 27 133 265 266 267 271 274 278 279 283 287 288 451 456 457 500 501 505 508 509
20 448 449 450 451 452 453 454 455 456 457 458 459 460 461 462 502 504 505 507 509
20 142 143 144 271 275 276 277 278 279 295 493 494 496 500 501 571 576 577 578 579
20 271 272 273 274 448 451 453 466 467 468 496 501 505 506 507 566 567 571 575 576
20 120 121 122 123 124 125 126 179 180 181 242 243 244 250 253 369 370 374 378 379
20 0 1 2 3 6 7 29 30 31 81 84 85 162 163 164 327 328 332 333 334
20 4 5 10 14 16 17 46 48 49 67 68 69 217 218 219 410 412 413 416 417
20 18 19 91 92 110 111 113 114 117 122 124 125 179 181 182 386 387 392 397 398
20 1 3 18 113 116 117 122 123 124 162 243 246 249 250 251 321 322 331 332 334
20 14 15 17 49 148 151 156 157 159 165 217 219 220 222 223 315 316 317 319 320
20 56 57 58 168 175 177 178 335 339 345 380 382 385 388 393 510 511 517 520 521
20 20 21 95 120 121 167 180 356 358 362 365 366 368 369 370 515 519 522 527 528
20 67 68 69 70 192 194 216 234 237 409 410 412 424 425 426 546 547 550 552 553
20 137 143 144 146 198 200 205 295 296 305 311 314 476 480 482 569 570 572 578 579
20 418 419 420 421 422 423 424 425 426 427 428 429 430 431 432 550 551 553 555 557
20 463 464 465 466 467 468 469 470 471 472 473 474 484 485 486 560 561 563 566 567
20 13 77 78 174 340 342 343 352 353 360 404 405 406 407 408 513 514 518 523 524
20 217 218 219 220 221 222 223 224 225 226 227 228 411 413 417 532 533 536 537 538
20 0 29 30 34 36 72 88 100 101 106 300 301 303 307 308 323 324 327 329 333
20 6 7 8 31 84 85 86 297 299 372 375 376 471 472 474 485 486 487 488 489
20 134 136 170 171 176 272 273 350 351 355 357 359 463 464 466 560 564 566 574 575
20 380 381 382 383 384 385 386 387 388 389 390 391 392 393 394 395 396 397 398 399
20 275 276 277 278 279 280 281 282 283 284 285 286 287 288 289 290 291 292 293 294
20 16 17 87 119 213 214 215 217 220 221 315 317 318 325 326 411 414 415 416 417
20 196 197 198 199 200 201 202 203 204 205 310 311 312 313 314 421 423 427 429 430
20 12 26 27 28 133 135 183 184 186 267 283 286 287 290 292 437 438 440 446 447
20 50 53 56 57 168 169 170 175 176 177 463 465 478 483 484 560 561 562 564 565
20 400 401 402 403 404 405 406 407 408 439 442 443 535 542 544 580 582 587 593 596
20 76 116 118 119 157 220 221 223 227 228 245 246 249 254 255 315 316 318 321 322
20 20 21 23 25 38 39 40 41 43 167 358 361 362 363 364 449 450 454 455 458
20 12 13 25 26 28 38 39 353 354 360 361 363 402 404 406 435 437 439 440 442
20 9 11 19 66 102 103 108 111 114 115 206 207 208 210 212 395 396 397 398 399
20 81 82 83 84 85 86 154 160 161 163 164 166 297 298 299 490 492 495 497 503
20 1 7 54 83 84 86 123 160 162 163 250 251 253 259 260 371 372 374 375 378
20 545 546 547 548 549 550 551 552 553 554 555 556 557 558 559 584 585 588 590 591
20 4 5 14 15 32 35 37 47 48 49 138 139 140 141 145 151 152 153 155 156
20 64 65 66 90 103 104 107 108 109 206 208 209 418 422 432 554 555 556 557 558
20 77 78 79 80 172 173 174 185 190 191 229 231 232 236 239 336 337 340 341 343
20 183 184 185 186 187 188 189 190 191 195 232 235 238 239 240 281 282 286 290 291
20 10 16 68 71 87 89 90 209 214 410 414 416 424 431 432 552 553 557 558 559
20 315 316 317 318 319 320 321 322 323 324 325 326 327 328 329 330 331 332 333 334
20 70 184 194 216 233 234 235 237 238 270 290 291 292 293 294 441 444 445 446 447
20 24 54 83 147 158 160 161 252 256 258 259 260 460 461 462 495 498 502 503 504
20 22 74 75 76 91 94 96 110 112 113 116 118 122 125 126 241 242 243 245 246
20 147 148 149 150 151 152 153 154 155 156 158 159 161 165 166 491 492 495 498 499
20 295 296 297 298 299 468 471 480 486 489 490 494 496 497 506 563 567 571 572 579
20 9 11 19 55 92 93 182 345 348 349 387 388 393 396 397 516 517 521 525 526
20 22 44 45 74 75 94 96 97 98 99 400 401 541 543 544 586 587 589 595 596
20 51 52 53 80 136 169 170 171 172 173 187 188 189 190 191 564 565 568 573 574
20 365 366 367 368 369 370 371 372 373 374 375 376 377 378 379 469 470 472 473 474
20 12 13 77 78 183 184 185 229 230 232 233 235 403 406 407 440 442 443 445 446
20 409 410 411 412 413 414 415 416 417 530 532 533 547 552 559 581 583 585 591 594
20 50 56 57 58 59 60 105 302 304 309 381 382 385 389 390 475 477 478 479 483
20 12 13 28 78 134 135 136 171 173 174 183 185 186 188 190 350 352 353 354 355
20 433 434 435 436 437 438 439 440 441 442 443 444 445 446 447 531 534 535 540 542
20 0 2 3 18 100 101 102 114 115 117 329 330 331 333 334 391 392 394 398 399
20 157 158 159 160 161 162 163 164 165 166 249 251 255 258 260 316 320 322 328 332
20 300 301 302 303 304 305 306 307 308 309 310 311 312 313 314 475 476 477 481 482
20 9 58 59 61 64 65 66 103 104 105 338 339 344 345 348 385 390 393 395 396
20 229 230 231 232 233 234 235 236 237 238 239 240 420 426 428 545 546 549 550 551
20 23 24 40 42 43 127 128 130 131 132 247 248 252 256 257 454 458 459 460 461
20 9 11 55 64 66 206 207 344 346 347 348 349 548 554 556 588 590 592 597 598
20 71 72 73 88 89 90 106 107 109 203 303 306 308 310 312 422 423 429 431 432
20 54 83 86 297 367 371 372 452 453 462 467 468 469 471 474 497 503 504 506 507
20 50 52 53 57 58 59 60 61 62 63 79 80 168 169 172 335 336 337 338 339
20 32 33 82 137 140 142 144 145 146 153 154 155 295 296 298 490 491 492 493 494
20 91 92 93 94 95 96 97 98 99 121 125 126 180 181 182 525 526 527 528 529
20 350 351 352 353 354 355 356 357 358 359 360 361 362 363 364 512 514 515 522 524
20 29 30 31 33 34 81 82 85 137 296 298 299 300 305 307 480 481 482 488 489
20 22 42 44 74 76 130 131 226 227 228 241 245 247 254 257 537 538 539 541 543
20 178 179 180 181 182 368 370 373 377 379 380 384 386 387 388 519 520 521 526 527
20 11 19 55 75 91 92 93 96 97 110 111 112 207 210 211 589 595 597 598 599
20 24 127 129 130 147 148 149 157 158 159 222 223 225 226 227 254 255 256 257 258
20 8 56 175 178 373 376 377 380 381 382 383 384 465 472 473 479 483 484 485 487
20 261 262 263 264 265 266 267 268 269 270 287 288 289 292 294 433 434 438 441 447
20 47 138 140 142 150 152 153 263 266 268 277 278 284 288 289 491 493 499 500 508
20 510 511 512 513 514 515 516 517 518 519 520 521 522 523 524 525 526 527 528 529
20 560 561 562 563 564 565 566 567 568 569 570 571 572 573 574 575 576 577 578 579
20 133 134 135 136 186 187 188 271 272 274 275 279 281 283 286 573 574 575 576 577
20 87 88 89 90 101 102 106 108 109 115 208 209 212 214 215 324 325 326 329 330
20 206 207 208 209 210 211 212 213 214 215 414 415 556 558 559 590 591 594 598 599
20 61 62 64 65 79 231 236 337 338 341 344 346 418 419 420 548 549 551 554 555
20 55 93 97 99 342 347 349 401 405 408 516 518 523 525 529 592 593 595 596 597
20 15 30 32 33 34 36 37 81 82 154 155 156 164 165 166 319 320 323 327 328
20 167 273 356 357 358 359 364 365 366 367 448 449 450 452 453 464 466 467 469 470
20 25 26 27 38 40 128 132 261 265 267 434 435 436 437 438 455 456 457 458 459
20 20 21 22 23 41 42 43 44 45 94 95 98 120 121 126 241 242 244 247 248
20 51 143 187 189 195 196 198 199 200 201 275 276 280 281 282 568 569 573 577 578
20 580 581 582 583 584 585 586 587 588 589 590 591 592 593 594 595 596 597 598 599
20 216 230 233 234 403 409 443 444 445 530 531 535 545 546 547 580 581 582 584 585
20 335 336 337 338 339 340 341 342 343 344 345 346 347 348 349 510 513 516 517 518
20 24 127 128 129 147 149 150 261 262 263 265 266 456 459 460 498 499 502 508 509
20 38 39 40 41 42 43 44 45 131 132 400 402 435 436 439 539 540 542 543 544
20 192 193 194 195 199 201 202 237 238 240 280 282 285 291 293 425 426 427 428 430
20 59 60 61 62 63 65 104 105 107 197 304 306 309 312 313 418 419 421 422 423
20 46 47 48 49 129 148 149 150 151 152 218 219 222 224 225 262 263 264 268 269
20 4 5 10 35 67 68 71 73 139 141 192 193 202 203 204 424 425 429 430 431
20 4 10 14 15 16 17 35 36 37 71 72 73 87 88 89 317 319 323 324 325
20 110 111 112 113 114 115 116 117 118 119 210 211 212 213 215 318 321 326 330 331
20 475 476 477 478 479 480 481 482 483 484 485 486 487 488 489 561 562 563 570 572
20 138 139 140 141 142 143 144 145 146 193 200 201 202 204 205 276 277 280 284 285
20 74 75 76 112 118 119 211 213 221 228 411 415 533 537 541 583 586 589 594 599
20 77 229 230 231 341 342 343 346 347 403 407 408 545 548 549 582 584 588 592 593
20 100 101 102 103 104 105 106 107 108 109 301 302 303 304 306 389 390 394 395 399
20 175 176 177 178 351 356 357 365 368 373 463 464 465 470 473 511 512 515 519 520
20 50 51 52 53 60 63 196 197 198 309 313 314 475 476 478 562 565 568 569 570
20 21 39 41 45 95 98 99 360 361 362 400 401 402 404 405 522 523 524 528 529
20 530 531 532 533 534 535 536 537 538 539 540 541 542 543 544 580 581 583 586 587
20 0 2 6 8 29 31 100 300 301 302 381 383 389 391 394 477 479 481 487 488
20 46 69 70 216 218 224 264 269 270 409 412 413 433 441 444 530 531 532 534 536
20 20 23 54 120 167 244 248 252 253 259 366 367 369 371 374 449 452 454 461 462
20 25 26 27 28 133 134 135 272 273 274 354 355 359 363 364 448 450 451 455 457
20 1 2 3 6 7 8 18 123 124 179 375 376 377 378 379 383 384 386 391 392
20 51 52 62 63 79 80 189 191 195 196 197 199 236 239 240 419 420 421 427 428
20 5 46 47 48 67 69 70 138 139 192 193 194 268 269 270 284 285 289 293 294
20 168 169 170 171 172 173 174 176 177 335 336 340 350 351 352 510 511 512 513 514
20 32 33 34 35 36 37 72 73 137 141 145 146 203 204 205 305 307 308 310 311
20 241 242 243 244 245 246 247 248 249 250 251 252 253 254 255 256 257 258 259 260
20 127 128 129 130 131 132 224 225 226 261 262 264 433 434 436 534 536 538 539 540
20 490 491 492 493 494 495 496 497 498 499 500 501 502 503 504 505 506 507 508 509
4
120
0.481668 0.555497 0.524199 0.42969 
0.498315 0.125513 0.848425 0.126903 
0.099744 0.911486 0.37584 0.134121 
0.4665 0.608751 0.616264 -0.178934 
0.026933 -0.695729 0.524609 -0.489919 
-0.747789 -0.067707 0.511688 -0.417616 
-0.5616100000000001 0.006598 -0.156854 0.812371 
-0.281042 -0.7733 0.000254 -0.5683510000000001 
-0.549845 -0.635877 0.459821 -0.286174 
-0.7232460000000001 -0.153874 0.362723 0.56716 
0.253636 -0.08416899999999999 -0.367501 -0.890802 
0.593425 -0.489835 0.389015 -0.506534 
-0.185458 0.164549 -0.616518 0.747285 
-0.32028 0.919318 0.083923 -0.212678 
-0.324621 0.352412 -0.8485819999999999 0.224357 
0.273145 0.429483 0.472938 -0.719212 
0.854956 -0.230187 -0.451678 -0.109773 
-0.315281 -0.479161 0.135219 0.80791 
-0.948416 0.150095 -0.012765 -0.278955 
-0.293346 0.22359 0.608532 -0.7025979999999999 
0.735304 0.471329 0.156697 -0.461111 
-0.312856 -0.290062 -0.231907 -0.874188 
0.281042 0.7733 -0.000254 0.56835 
-0.735304 -0.471328 -0.156697 0.461111 
-0.39857 0.785973 -0.472585 0.007218 
0.759846 0.385162 0.007732 0.523664 
0.315281 0.47916 -0.135219 -0.80791 
0.660102 -0.526325 -0.368108 0.389543 
-0.534677 -0.689131 0.367755 0.322451 
0.78678 -0.310567 0.532341 0.033744 
0.948416 -0.150095 0.012764 0.278956 
-0.481669 -0.555497 -0.524199 -0.42969 
-0.450101 0.275609 0.835661 -0.152053 
-0.261532 -0.259648 0.840693 -0.396761 
-0.126677 -0.215757 -0.9004490000000001 0.355799 
-0.63556 0.440158 0.219143 0.595232 
-0.498314 -0.125513 -0.848425 -0.126903 
0.608626 0.255571 -0.743752 -0.105312 
0.549845 0.635877 -0.459821 0.286173 
-0.65507 -0.073494 -0.621296 0.423643 
-0.916602 -0.333142 0.219397 0.026881 
0.354991 0.33974 -0.37625 0.785489 
-0.068177 -0.08037999999999999 0.984019 0.143517 
-0.14188 -0.961164 0.232317 -0.045423 
-0.434933 0.222355 0.743595 0.456572 
-0.119653 0.701515 0.608376 -0.351339 
0.09511 -0.615349 -0.45941 -0.633437 
0.320279 -0.919318 -0.083923 0.212678 
0.534677 0.689131 -0.367755 -0.322451 
0.185458 -0.164549 0.616518 -0.7472839999999999 
0.747789 0.067707 -0.511688 0.417616 
-0.273145 -0.429483 -0.472938 0.719212 
-0.225169 0.30397 -0.375487 -0.846115 
0.916602 0.333143 -0.219397 -0.026881 
0.601321 -0.146018 -0.084177 0.781029 
-0.759846 -0.385161 -0.007732 -0.523664 
-0.608627 -0.255571 0.743752 0.105312 
-0.617967 0.576002 -0.24005 -0.478241 
-0.15122 -0.129591 -0.751484 -0.628976 
0.261532 0.259648 -0.840693 0.396761 
0.339789 -0.405666 0.756516 0.384268 
-0.01951 -0.513652 -0.840439 -0.17159 
-0.78678 0.310567 -0.532341 -0.033744 
0.126677 0.215757 0.9004490000000001 -0.355799 
0.23699 0.345815 -0.691727 -0.588015 
-0.466747 0.705593 0.511435 0.150734 
0.305111 -0.8660639999999999 0.008142999999999999 -0.395946 
0.933248 -0.096841 0.10483 -0.329669 
-0.660103 0.526324 0.368108 -0.389543 
0.051476 -0.781896 0.375644 0.494855 
0.173401 -0.482004 0.097099 -0.853333 
-0.099744 -0.911486 -0.37584 -0.134121 
-0.23699 -0.345815 0.691727 0.588015 
-0.024543 0.08616699999999999 0.148965 -0.984775 
0.312856 0.290062 0.231907 0.874188 
-0.09511 0.615349 0.459411 0.633437 
0.63556 -0.440158 -0.219142 -0.595232 
0.256499 0.859467 0.148712 -0.416425 
0.628136 0.769223 0.096688 0.066278 
-0.874466 -0.283465 -0.388761 -0.061817 
-0.4665 -0.608751 -0.616264 0.178934 
0.068177 0.08037999999999999 -0.984019 -0.143517 
0.466747 -0.705593 -0.5114340000000001 -0.150735 
-0.854956 0.230187 0.451678 0.109773 
0.65507 0.073494 0.621296 -0.423642 
0.679612 -0.012673 0.472331 0.561133 
0.39857 -0.785973 0.472585 -0.007218 
0.141879 0.961164 -0.232317 0.045423 
0.119653 -0.701515 -0.608376 0.351338 
0.293346 -0.22359 -0.608532 0.7025979999999999 
0.434933 -0.222355 -0.743595 -0.456572 
0.15122 0.12959 0.751484 0.628976 
0.617967 -0.576002 0.240049 0.478241 
-0.026933 0.695729 -0.524609 0.48992 
-0.339789 0.405666 -0.756516 -0.384268 
-0.253635 0.08416899999999999 0.367501 0.890802 
-0.593424 0.489835 -0.389015 0.506534 
-0.933247 0.096841 -0.10483 0.329669 
-0.628136 -0.769223 -0.096688 -0.066278 
-0.213112 0.621424 0.143933 -0.740067 
-0.305111 0.8660639999999999 -0.008142 0.395946 
-0.256499 -0.859467 -0.148712 0.416425 
0.450101 -0.275609 -0.83566 0.152053 
-0.679612 0.012673 -0.472331 -0.561133 
0.561611 -0.006597 0.156854 -0.812371 
-0.051476 0.781895 -0.375644 -0.494855 
0.774722 -0.6280210000000001 0.012921 -0.07230399999999999 
0.213111 -0.621424 -0.143933 0.740067 
-0.601321 0.146018 0.084177 -0.781029 
0.024543 -0.08616699999999999 -0.148965 0.984775 
0.324621 -0.352412 0.8485819999999999 -0.224357 
0.874466 0.283465 0.388761 0.061817 
-0.354991 -0.33974 0.37625 -0.785489 
0.129822 0.643709 -0.751737 -0.060626 
-0.173401 0.482003 -0.097098 0.853333 
0.7232460000000001 0.153874 -0.362723 -0.567159 
-0.774722 0.6280210000000001 -0.012921 0.07230399999999999 
-0.129822 -0.643709 0.751737 0.060626 
0.225169 -0.30397 0.375487 0.846115 
0.01951 0.513652 0.840439 0.171589 
600
4 55 108 5 18
4 112 33 8 5
4 112 55 108 5
4 112 55 8 5
4 96 97 6 35
4 114 96 6 35
4 19 112 108 5
4 19 112 33 5
4 19 112 108 73
4 58 46 31 61
4 39 96 97 6
4 71 46 31 61
4 50 53 25 30
4 50 16 53 30
4 9 97 6 35
4 9 83 97 35
4 23 39 97 6
4 23 9 97 6
4 7 112 55 8
4 7 71 46 31
4 86 110 29 11
4 86 29 106 11
4 86 47 69 43
4 60 86 110 29
4 60 72 91 42
4 111 85 29 30
4 111 85 25 30
4 111 85 25 0
4 111 53 25 30
4 68 108 5 18
4 68 83 5 18
4 68 19 108 5
4 116 83 65 35
4 116 68 83 65
4 116 68 83 18
4 116 96 97 35
4 116 83 97 18
4 116 83 97 35
4 92 85 29 30
4 92 29 106 30
4 92 60 85 29
4 92 86 29 106
4 92 60 86 69
4 92 60 86 29
4 92 86 47 69
4 92 86 47 106
4 95 114 6 109
4 95 75 114 35
4 95 114 6 35
4 95 9 6 35
4 105 26 52 64
4 48 105 113 87
4 48 105 113 64
4 48 105 26 64
4 63 110 33 42
4 82 71 46 61
4 10 26 52 73
4 10 26 52 64
4 10 58 52 64
4 94 58 52 64
4 94 105 52 64
4 94 58 81 64
4 94 113 81 64
4 94 105 113 64
4 36 58 81 61
4 36 94 58 81
4 36 58 31 61
4 12 114 96 6
4 12 39 96 6
4 12 114 6 109
4 12 41 114 109
4 62 39 96 97
4 62 116 97 18
4 62 116 96 97
4 101 47 69 43
4 101 71 47 43
4 101 28 69 43
4 37 50 16 102
4 37 50 16 53
4 37 113 81 64
4 37 48 113 64
4 32 68 83 5
4 32 68 83 65
4 32 63 33 42
4 32 19 33 5
4 32 68 19 5
4 32 63 19 33
4 79 23 39 97
4 79 62 97 18
4 79 62 39 97
4 79 62 36 39
4 66 7 71 43
4 66 7 71 46
4 66 82 71 46
4 66 86 47 43
4 66 86 106 11
4 66 71 47 43
4 66 82 71 47
4 66 86 47 106
4 66 82 47 106
4 103 55 108 18
4 103 79 55 18
4 103 79 55 31
4 103 36 58 31
4 103 36 94 58
4 103 94 58 52
4 103 79 62 18
4 103 62 36 94
4 103 79 36 31
4 103 79 62 36
4 98 7 71 43
4 98 7 71 31
4 98 101 71 43
4 98 7 8 43
4 98 7 55 31
4 98 79 55 31
4 98 28 8 43
4 98 7 55 8
4 98 101 28 43
4 98 101 28 23
4 4 86 110 11
4 4 66 86 11
4 4 7 8 43
4 4 112 33 8
4 4 7 112 8
4 4 66 7 43
4 4 66 86 43
4 118 60 72 91
4 118 60 85 91
4 118 95 72 91
4 118 60 72 69
4 118 92 60 69
4 118 92 60 85
4 78 111 25 0
4 78 111 53 20
4 78 111 53 25
4 78 48 53 20
4 13 116 68 65
4 100 75 114 35
4 100 114 96 35
4 100 75 65 35
4 100 116 96 35
4 100 75 2 65
4 100 13 2 87
4 100 13 2 65
4 100 116 65 35
4 100 13 116 65
4 44 72 91 42
4 44 95 9 72
4 44 95 72 91
4 44 95 75 91
4 44 95 9 35
4 44 95 75 35
4 44 75 65 35
4 44 32 83 65
4 44 83 65 35
4 44 9 83 35
4 56 28 9 72
4 56 44 72 42
4 56 44 9 72
4 56 32 33 42
4 56 44 32 42
4 56 33 8 5
4 56 32 33 5
4 56 32 83 5
4 56 44 9 83
4 56 44 32 83
4 84 110 29 11
4 115 10 26 64
4 115 48 26 64
4 115 48 26 20
4 115 48 53 20
4 115 37 48 64
4 115 37 48 53
4 115 37 16 53
4 104 10 26 73
4 104 115 26 20
4 104 115 10 26
4 70 104 10 73
4 70 4 7 112
4 70 4 66 11
4 70 4 66 7
4 70 66 7 46
4 38 50 53 25
4 38 41 50 25
4 38 37 50 53
4 38 78 53 25
4 38 78 48 87
4 38 78 48 53
4 38 48 113 87
4 38 37 48 53
4 38 37 48 113
4 93 12 114 96
4 93 100 114 96
4 93 12 41 114
4 93 38 113 87
4 24 105 113 87
4 24 94 105 113
4 24 13 105 87
4 24 93 113 87
4 24 100 13 87
4 24 93 100 87
4 24 93 100 96
4 24 62 116 96
4 24 100 116 96
4 24 100 13 116
4 80 36 31 61
4 80 71 31 61
4 80 79 36 31
4 80 79 36 39
4 80 98 71 31
4 80 98 101 71
4 80 98 79 31
4 80 98 101 23
4 80 79 23 39
4 80 98 79 23
4 89 12 41 109
4 17 23 9 6
4 17 95 6 109
4 17 95 9 6
4 17 28 23 9
4 17 101 28 23
4 17 95 9 72
4 17 28 9 72
4 17 118 95 109
4 17 118 95 72
4 17 118 72 69
4 17 28 72 69
4 17 101 28 69
4 59 37 50 102
4 59 89 50 102
4 59 37 102 81
4 59 38 37 50
4 59 89 41 50
4 59 89 12 41
4 59 38 41 50
4 59 37 113 81
4 59 93 12 41
4 59 93 38 41
4 59 38 37 113
4 59 93 38 113
4 117 86 69 43
4 117 4 86 43
4 117 4 8 43
4 117 4 86 110
4 117 28 69 43
4 117 28 8 43
4 117 60 86 69
4 117 60 86 110
4 117 56 28 8
4 117 4 33 8
4 117 56 33 8
4 117 60 110 42
4 117 4 110 33
4 117 28 72 69
4 117 56 28 72
4 117 60 72 42
4 117 60 72 69
4 117 56 72 42
4 117 110 33 42
4 117 56 33 42
4 74 118 85 91
4 74 118 95 91
4 74 95 75 91
4 74 118 95 109
4 74 85 91 0
4 74 75 91 0
4 74 85 25 0
4 74 95 75 114
4 74 95 114 109
4 74 41 114 109
4 3 78 2 0
4 3 78 111 20
4 3 84 111 20
4 3 78 111 0
4 22 78 2 87
4 22 100 2 87
4 22 100 75 2
4 22 75 2 0
4 22 78 2 0
4 22 93 100 87
4 22 38 78 87
4 22 93 38 87
4 22 78 25 0
4 22 100 75 114
4 22 93 100 114
4 22 38 78 25
4 22 74 25 0
4 22 74 75 0
4 22 74 75 114
4 22 38 41 25
4 22 93 38 41
4 22 74 41 25
4 22 93 41 114
4 22 74 41 114
4 45 13 2 65
4 45 13 68 65
4 45 32 63 19
4 45 32 68 65
4 45 32 68 19
4 57 68 108 18
4 57 103 108 18
4 57 103 52 108
4 57 103 62 18
4 57 103 94 52
4 57 13 116 68
4 57 103 62 94
4 57 116 68 18
4 57 62 116 18
4 57 94 105 52
4 57 24 62 116
4 57 24 13 116
4 57 24 62 94
4 57 24 94 105
4 57 24 13 105
4 40 28 23 9
4 40 56 28 9
4 40 23 9 97
4 40 98 28 23
4 40 9 83 97
4 40 56 9 83
4 40 98 28 8
4 40 56 28 8
4 40 83 97 18
4 40 79 97 18
4 40 79 23 97
4 40 98 79 23
4 40 83 5 18
4 40 56 83 5
4 40 79 55 18
4 40 98 79 55
4 40 98 55 8
4 40 56 8 5
4 40 55 5 18
4 40 55 8 5
4 90 115 10 64
4 90 115 37 64
4 90 37 81 64
4 90 58 81 64
4 90 10 58 64
4 90 115 37 16
4 90 37 102 81
4 90 82 16 102
4 90 37 16 102
4 90 58 81 61
4 90 10 58 46
4 90 102 81 61
4 90 82 102 61
4 90 58 46 61
4 90 82 46 61
4 67 115 53 20
4 67 104 115 20
4 67 115 16 53
4 67 16 53 30
4 67 111 53 30
4 67 111 53 20
4 67 104 84 11
4 67 104 84 20
4 67 84 29 11
4 67 84 111 20
4 67 16 106 30
4 67 29 106 30
4 67 29 106 11
4 67 111 29 30
4 67 84 111 29
4 49 104 84 11
4 49 84 110 11
4 49 84 63 110
4 49 70 104 11
4 49 4 110 11
4 49 70 4 11
4 49 63 110 33
4 49 63 19 33
4 49 70 104 73
4 49 4 110 33
4 49 19 112 33
4 49 19 112 73
4 49 70 112 73
4 49 4 112 33
4 49 70 4 112
4 21 70 10 73
4 21 52 108 73
4 21 10 52 73
4 21 112 108 73
4 21 70 112 73
4 21 10 58 52
4 21 70 7 112
4 21 70 7 46
4 21 70 10 46
4 21 103 52 108
4 21 103 58 52
4 21 112 55 108
4 21 7 112 55
4 21 10 58 46
4 21 103 55 108
4 21 103 58 31
4 21 58 46 31
4 21 7 46 31
4 21 7 55 31
4 21 103 55 31
4 27 92 47 106
4 27 82 47 106
4 27 92 106 30
4 27 89 50 102
4 27 16 106 30
4 27 82 16 106
4 27 50 16 30
4 27 50 16 102
4 27 82 16 102
4 51 89 12 109
4 51 12 39 6
4 51 17 101 23
4 51 12 6 109
4 51 17 6 109
4 51 80 23 39
4 51 80 101 23
4 51 23 39 6
4 51 17 23 6
4 14 36 94 81
4 14 94 113 81
4 14 59 113 81
4 14 24 94 113
4 14 62 36 94
4 14 24 62 94
4 14 12 39 96
4 14 93 12 96
4 14 59 93 12
4 14 24 93 113
4 14 59 93 113
4 14 24 62 96
4 14 24 93 96
4 14 62 39 96
4 14 62 36 39
4 54 74 118 109
4 54 74 118 85
4 54 92 85 30
4 54 118 92 85
4 54 85 25 30
4 54 74 85 25
4 54 27 92 30
4 54 50 25 30
4 54 74 41 109
4 54 27 50 30
4 54 27 89 50
4 54 89 41 109
4 54 89 41 50
4 54 41 50 25
4 54 74 41 25
4 1 3 84 111
4 1 84 110 29
4 1 84 111 29
4 1 3 111 0
4 1 84 63 110
4 1 3 84 63
4 1 60 110 29
4 1 111 85 29
4 1 85 91 0
4 1 111 85 0
4 1 60 85 29
4 1 60 85 91
4 1 60 91 42
4 1 60 110 42
4 1 63 110 42
4 15 104 26 20
4 15 104 84 20
4 15 104 26 73
4 15 3 84 20
4 15 3 84 63
4 15 45 3 63
4 15 49 84 63
4 15 49 104 84
4 15 45 63 19
4 15 49 19 73
4 15 49 104 73
4 15 49 63 19
4 99 57 105 52
4 99 57 13 105
4 99 57 52 108
4 99 105 26 52
4 99 52 108 73
4 99 45 13 68
4 99 57 68 108
4 99 57 13 68
4 99 26 52 73
4 99 15 26 73
4 99 15 19 73
4 99 15 45 19
4 99 19 108 73
4 99 68 19 108
4 99 45 68 19
4 119 45 32 65
4 119 44 75 65
4 119 44 32 65
4 119 75 2 65
4 119 45 2 65
4 119 44 32 42
4 119 45 3 2
4 119 45 32 63
4 119 44 91 42
4 119 44 75 91
4 119 75 2 0
4 119 3 2 0
4 119 1 91 42
4 119 32 63 42
4 119 1 63 42
4 119 1 3 0
4 119 45 3 63
4 119 1 3 63
4 119 75 91 0
4 119 1 91 0
4 76 90 115 10
4 76 104 115 10
4 76 67 104 115
4 76 90 115 16
4 76 67 115 16
4 76 67 104 11
4 76 90 82 46
4 76 90 10 46
4 76 90 82 16
4 76 70 104 11
4 76 70 104 10
4 76 70 10 46
4 76 67 106 11
4 76 82 16 106
4 76 67 16 106
4 76 66 82 46
4 76 70 66 46
4 76 70 66 11
4 76 66 106 11
4 76 66 82 106
4 107 51 89 109
4 107 54 89 109
4 107 51 17 109
4 107 51 17 101
4 107 54 118 109
4 107 54 27 89
4 107 17 118 109
4 107 17 101 69
4 107 17 118 69
4 107 118 92 69
4 107 54 118 92
4 107 101 47 69
4 107 54 27 92
4 107 92 47 69
4 107 27 92 47
4 34 59 89 102
4 34 59 89 12
4 34 51 89 12
4 34 102 81 61
4 34 59 102 81
4 34 14 59 12
4 34 14 59 81
4 34 51 12 39
4 34 14 12 39
4 34 36 81 61
4 34 14 36 81
4 34 80 36 61
4 34 14 36 39
4 34 80 36 39
4 34 51 80 39
4 77 15 26 20
4 77 99 15 26
4 77 99 105 26
4 77 99 15 45
4 77 48 26 20
4 77 48 105 26
4 77 15 3 20
4 77 15 45 3
4 77 48 105 87
4 77 13 105 87
4 77 99 13 105
4 77 45 3 2
4 77 99 45 13
4 77 78 48 87
4 77 78 48 20
4 77 3 78 20
4 77 3 78 2
4 77 78 2 87
4 77 13 2 87
4 77 45 13 2
4 88 107 27 89
4 88 107 51 89
4 88 27 89 102
4 88 107 51 101
4 88 34 89 102
4 88 34 51 89
4 88 107 101 47
4 88 107 27 47
4 88 34 102 61
4 88 101 71 47
4 88 34 80 61
4 88 34 51 80
4 88 82 102 61
4 88 27 82 102
4 88 51 80 101
4 88 82 71 47
4 88 27 82 47
4 88 82 71 61
4 88 80 71 61
4 88 80 101 71
