120
20 108 238 241 245 247 248 249 251 252 283 285 286 411 412 413 457 458 461 469 470
20 101 102 103 104 105 106 107 108 109 240 241 244 282 284 286 451 452 458 462 469
20 245 250 251 252 256 259 283 285 471 566 569 571 572 573 580 587 588 590 591 596
20 282 283 284 285 286 439 440 452 453 456 457 458 562 563 566 590 596 597 599 600
24 33 34 35 36 37 38 50 51 53 55 56 83 85 89 92 93 96 97 151 152 153 165 166 167
20 2 3 41 42 43 74 77 78 81 91 94 95 110 111 112 425 431 432 433 434
20 306 307 308 309 310 311 312 313 314 315 316 317 415 419 421 503 505 507 512 517
20 23 37 38 46 48 49 50 51 98 99 118 121 123 125 126 262 263 264 269 273
22 37 38 41 42 81 82 83 91 92 94 96 98 99 123 124 126 159 160 162 165 167 168
20 72 73 76 79 80 155 163 164 300 302 303 304 310 314 315 502 503 504 506 507
20 57 58 59 60 61 62 63 64 65 66 67 68 181 185 186 265 266 267 270 276
20 0 4 5 24 26 27 33 35 36 47 53 56 140 141 143 172 173 175 179 180
20 127 135 136 137 308 309 313 325 326 334 336 337 415 419 423 543 544 546 550 551
20 471 472 473 474 475 476 477 478 479 567 568 571 572 576 584 587 588 589 594 595
20 318 319 320 321 322 323 324 325 326 327 328 329 330 331 332 333 334 335 336 337
20 439 440 441 442 443 444 445 446 447 448 449 450 557 561 562 599 600 603 605 606
20 380 381 382 383 384 385 386 387 388 389 390 391 396 397 403 523 524 525 528 533
22 44 298 303 305 307 312 314 316 353 356 357 484 485 487 495 496 497 502 503 505 508 509
20 2 3 9 11 12 13 39 40 43 74 75 77 217 218 220 225 226 229 230 231
20 110 111 112 113 114 115 116 290 292 425 429 432 444 448 450 557 558 559 560 561
20 100 138 139 196 346 349 352 439 441 442 453 455 456 459 460 597 598 599 604 605
20 262 263 264 265 266 267 268 269 270 271 272 273 274 275 276 277 278 279 280 281
20 245 247 250 252 407 411 413 414 416 418 538 542 545 547 553 573 574 577 580 581
22 293 294 295 296 297 298 299 300 301 302 303 304 305 314 315 316 317 480 482 485 486 487
20 233 234 235 236 237 327 328 332 333 335 341 342 475 476 479 575 576 579 583 584
20 407 408 409 410 411 412 413 461 465 466 468 470 526 527 534 541 542 549 553 554
20 60 61 62 64 65 100 287 344 345 348 349 350 441 445 447 601 602 604 605 606
20 392 393 394 395 396 397 398 399 400 401 402 403 404 405 406 528 532 533 535 536
22 159 160 161 162 163 164 165 166 167 168 169 170 301 302 304 305 482 487 488 489 497 498
20 4 5 6 7 101 103 140 176 177 178 179 180 242 243 244 451 454 462 463 467
20 176 178 239 242 390 391 393 396 398 408 463 464 465 467 468 524 526 528 534 535
20 10 16 18 19 21 22 23 117 118 119 121 122 182 190 194 264 271 272 273 274
20 424 425 426 427 428 429 430 431 432 433 434 435 436 437 438 558 560 564 565 570
20 81 82 83 84 85 86 87 88 89 91 96 97 110 113 114 424 428 429 431 432
20 128 129 130 131 132 133 134 135 136 137 198 199 200 201 202 319 320 326 329 337
20 79 80 224 227 228 253 255 258 260 261 306 310 417 420 421 506 507 510 511 512
20 16 17 18 19 128 129 134 182 189 190 191 192 216 219 221 318 319 321 329 330
20 368 369 370 371 372 373 374 375 376 377 378 379 383 386 388 522 523 525 529 530
20 145 351 374 375 379 407 409 522 527 529 547 552 553 554 555 577 578 581 582 585
22 17 133 134 137 221 222 223 294 295 298 299 309 311 312 313 316 317 329 330 331 336 337
20 39 40 41 42 43 73 75 76 77 78 120 124 160 162 163 296 297 300 301 302
20 537 538 539 540 541 542 543 544 545 546 547 548 549 550 551 552 553 554 555 556
18 1 28 29 30 31 84 86 88 104 105 106 107 109 424 426 428 430 435
20 37 48 50 52 54 55 125 126 150 151 152 165 166 168 169 483 488 489 493 494
22 1 30 31 72 79 154 155 156 246 253 254 255 426 435 436 437 438 504 506 510 513 515
20 557 558 559 560 561 562 563 564 565 566 567 568 569 570 571 587 590 595 600 603
20 21 23 45 46 49 57 66 185 194 195 203 204 205 207 208 265 269 270 273 274
20 52 54 148 149 150 171 174 212 213 214 392 394 395 400 401 490 492 493 494 499
20 346 347 348 349 350 351 352 373 375 377 378 379 582 585 586 592 593 598 602 604
20 0 8 24 25 26 33 35 85 87 90 93 97 113 114 116 443 444 446 449 450
20 522 523 524 525 526 527 528 529 530 531 532 533 534 535 536 548 549 554 555 556
20 44 70 71 127 130 132 133 135 137 298 299 307 308 312 313 485 486 495 500 501
20 14 15 60 61 181 187 188 266 275 276 277 281 287 288 291 339 340 343 344 345
20 196 346 351 352 378 379 386 389 391 409 459 460 464 465 466 522 523 524 526 527
20 69 239 354 355 358 361 363 398 399 405 408 410 534 535 536 539 540 541 548 549
20 2 10 11 12 39 41 43 94 95 98 117 118 120 123 124 262 264 271 279 280
20 31 42 72 73 78 81 82 84 155 156 159 160 161 163 164 424 426 431 433 437
20 9 13 14 15 215 217 225 226 233 235 288 289 339 341 343 474 476 477 478 479
20 181 182 183 184 185 186 187 188 189 190 191 192 193 194 195 265 272 274 275 276
20 136 145 199 202 320 322 324 325 326 371 372 374 529 530 531 550 551 552 555 556
20 6 7 28 29 32 103 106 109 146 147 157 158 240 243 244 359 364 365 366 367
20 16 20 21 22 128 129 131 189 190 193 194 195 197 198 200 203 204 206 209 210
20 215 216 217 218 219 220 221 222 223 226 231 232 233 235 236 321 327 328 330 331
20 8 86 87 102 104 105 113 282 284 428 429 430 440 443 444 558 561 562 563 564
20 61 65 68 144 181 183 184 186 188 338 340 344 347 348 350 369 370 373 376 377
20 253 254 255 256 257 258 259 260 261 427 436 438 471 472 473 565 567 569 570 571
20 45 46 47 48 49 50 51 52 53 54 55 56 171 172 173 207 208 211 213 214
20 138 139 140 141 142 143 175 178 180 196 384 385 389 390 391 454 455 459 463 464
20 3 9 74 111 225 229 257 289 290 425 427 434 472 474 478 559 560 565 567 568
22 146 147 148 149 150 151 152 153 158 169 170 356 357 360 366 367 484 489 492 494 496 498
22 25 26 27 35 38 45 46 47 51 53 57 58 59 90 92 93 99 263 267 268 269 270
20 20 21 22 23 48 49 52 121 122 125 203 208 209 212 213 481 483 490 491 493
22 154 155 156 157 158 161 164 170 303 304 305 357 359 367 496 497 498 502 504 509 513 514
20 25 58 60 62 90 115 116 266 267 268 277 278 287 291 292 445 447 448 449 450
20 238 247 249 355 361 362 410 412 413 414 516 518 519 520 521 537 538 539 541 542
20 246 247 248 249 250 251 252 254 255 256 259 260 414 416 417 510 511 515 516 521
20 27 45 47 57 59 63 66 67 142 143 173 175 205 207 211 380 381 382 384 385
20 587 588 589 590 591 592 593 594 595 596 597 598 599 600 601 602 603 604 605 606
20 245 283 351 352 407 409 411 456 457 460 461 466 580 581 582 591 592 596 597 598
20 10 11 17 18 19 39 40 117 119 120 218 219 220 221 222 293 294 295 296 297
20 16 17 18 20 22 119 122 128 130 131 133 134 293 295 299 480 481 486 491 500
20 129 144 183 184 189 191 193 197 198 199 318 319 320 322 323 368 369 370 371 372
20 203 204 205 206 207 208 209 210 211 212 213 214 381 382 387 392 395 397 402 403
20 72 73 74 75 76 77 78 79 80 228 229 230 253 257 258 427 433 434 437 438
20 0 5 8 24 101 102 138 140 141 282 439 440 442 443 446 451 452 453 454 455
20 238 239 240 241 242 243 244 361 362 363 364 365 408 410 412 462 467 468 469 470
20 4 6 7 32 34 36 54 55 56 146 147 149 150 151 153 171 172 174 177 179
20 572 573 574 575 576 577 578 579 580 581 582 583 584 585 586 588 589 591 592 593
20 20 71 130 131 132 200 201 209 210 212 395 401 402 404 406 490 491 499 500 501
20 69 70 71 127 132 135 136 201 202 404 405 406 531 532 536 540 543 548 550 556
20 66 67 68 183 185 186 193 195 197 204 205 206 368 369 376 380 381 383 387 388
22 1 29 30 107 108 109 154 157 238 240 241 246 248 249 359 362 364 513 514 515 516 519
20 6 146 148 149 174 176 177 239 242 243 358 360 363 365 366 393 394 398 399 400
20 145 234 324 325 333 334 335 418 422 423 545 546 547 551 552 574 575 577 578 579
20 15 144 184 187 188 191 192 215 216 233 318 321 323 327 332 338 339 340 341 342
20 502 503 504 505 506 507 508 509 510 511 512 513 514 515 516 517 518 519 520 521
20 223 224 227 232 234 236 237 306 309 311 328 331 334 335 336 419 420 421 422 423
20 40 75 76 80 220 222 223 227 228 230 231 232 294 296 300 306 310 311 315 317
20 117 118 119 120 121 122 123 124 125 126 162 168 293 297 301 480 481 482 483 488
20 287 288 289 290 291 292 343 345 447 448 474 477 557 559 568 594 595 601 603 606
20 224 234 237 250 259 260 261 416 417 418 420 422 471 473 475 572 573 574 575 576
22 480 481 482 483 484 485 486 487 488 489 490 491 492 493 494 495 496 497 498 499 500 501
20 197 198 199 200 201 202 206 210 368 372 387 388 402 403 406 525 530 531 532 533
20 10 11 12 13 14 15 19 182 187 192 215 216 217 218 219 271 272 275 280 281
20 24 25 26 27 58 59 62 63 64 100 138 139 141 142 143 441 442 445 446 449
20 338 339 340 341 342 343 344 345 347 350 476 477 583 584 586 589 593 594 601 602
20 171 172 173 174 175 176 177 178 179 180 211 214 382 385 390 392 393 394 396 397
20 44 69 70 71 148 353 354 356 358 360 399 400 401 404 405 484 492 495 499 501
20 2 3 9 12 13 14 95 111 112 115 277 278 279 280 281 288 289 290 291 292
20 44 69 70 127 307 308 353 354 355 415 505 508 517 518 520 537 539 540 543 544
20 0 4 5 7 8 28 32 33 34 36 85 86 87 88 89 101 102 103 104 106
20 451 452 453 454 455 456 457 458 459 460 461 462 463 464 465 466 467 468 469 470
20 90 91 92 93 94 95 96 97 98 99 110 112 114 115 116 262 263 268 278 279
20 144 145 322 323 324 332 333 338 342 347 370 371 373 374 375 578 579 583 585 586
20 414 415 416 417 418 419 420 421 422 423 511 512 517 520 521 537 538 544 545 546
20 63 64 65 67 68 100 139 142 196 346 348 349 376 377 378 380 383 384 386 389
20 224 225 226 227 228 229 230 231 232 235 236 237 257 258 261 472 473 475 478 479
24 28 29 30 31 32 34 82 83 84 88 89 147 152 153 154 156 157 158 159 161 166 167 169 170
20 353 354 355 356 357 358 359 360 361 362 363 364 365 366 367 508 509 514 518 519
20 1 105 107 108 246 248 251 254 256 284 285 286 430 435 436 563 564 566 569 570
4
120
0.473899 0.532741 0.542073 0.444706 
0.505184 0.136891 0.842431 0.127909 
0.11963 0.91053 0.368986 0.143087 
0.468857 0.607614 0.613307 -0.186632 
0.012601 -0.707718 0.623568 -0.331874 
-0.747435 -0.030531 0.501932 -0.434136 
-0.567376 0.053573 -0.155804 0.806808 
-0.269573 -0.766628 -0.069606 -0.578591 
-0.496582 -0.644658 0.420037 -0.401736 
-0.733134 -0.147065 0.390752 0.536842 
0.234953 -0.127122 -0.331899 -0.904699 
0.572264 -0.498263 0.405703 -0.509562 
-0.189416 0.182738 -0.6097129999999999 0.747648 
-0.302204 0.930821 0.062256 -0.195879 
-0.342738 0.350984 -0.841521 0.226238 
0.284866 0.42533 0.4509 -0.7311879999999999 
0.855006 -0.217218 -0.457747 -0.110674 
-0.372529 -0.454477 0.007545 0.809083 
-0.9592349999999999 0.135957 -0.027697 -0.246205 
-0.269631 0.262678 0.603166 -0.7032 
0.732067 0.46181 0.145132 -0.479319 
-0.316934 -0.302506 -0.238046 -0.86682 
0.296647 0.76202 0.009391 0.575532 
-0.757839 -0.524333 -0.080695 0.379794 
-0.407278 0.780164 -0.474813 0.004635 
0.76068 0.383018 0.019791 0.523709 
0.310887 0.449533 -0.137115 -0.826117 
0.6713249999999999 -0.500522 -0.36026 0.411111 
-0.500023 -0.731187 0.429337 0.176105 
0.800136 -0.289862 0.524803 0.018522 
0.949983 -0.137816 0.014622 0.279868 
-0.471723 -0.55069 -0.558346 -0.403073 
-0.44838 0.305871 0.823376 -0.165684 
-0.308782 -0.24552 0.827728 -0.399049 
-0.124665 -0.175562 -0.912787 0.347067 
-0.631483 0.451647 0.241133 0.582322 
-0.528405 -0.132684 -0.831465 -0.108856 
0.599417 0.258713 -0.745332 -0.135078 
0.555017 0.635082 -0.465418 0.268352 
-0.670611 -0.103916 -0.586155 0.442612 
-0.891761 -0.351105 0.282939 -0.037852 
0.359575 0.352335 -0.361721 0.784681 
-0.055686 -0.019015 0.991309 0.117662 
-0.097139 -0.97399 0.18465 -0.08839 
-0.416654 0.190975 0.751856 0.473962 
-0.112329 0.725658 0.58526 -0.343909 
0.117208 -0.617201 -0.475261 -0.615998 
0.338748 -0.905778 -0.101727 0.233384 
0.539694 0.673334 -0.369023 -0.345215 
0.145128 -0.207478 0.636248 -0.728752 
0.753976 0.08691699999999999 -0.504615 0.411495 
-0.253587 -0.404614 -0.522471 0.706403 
-0.266272 0.31298 -0.350979 -0.841401 
0.9138579999999999 0.338656 -0.219569 -0.044327 
0.595203 -0.141311 -0.062795 0.788556 
-0.75628 -0.384114 -0.034926 -0.528467 
-0.606834 -0.214575 0.758081 0.104995 
-0.614713 0.59005 -0.248698 -0.460562 
-0.154873 -0.136187 -0.745511 -0.633784 
0.259296 0.277458 -0.840593 0.386246 
0.375916 -0.416818 0.744066 0.362376 
-0.030746 -0.496319 -0.856785 -0.136537 
-0.805258 0.286065 -0.518747 -0.025036 
0.132729 0.238914 0.889967 -0.365049 
0.220102 0.321333 -0.656048 -0.6464530000000001 
-0.442912 0.716027 0.511672 0.171252 
0.321295 -0.864917 -1.7e-05 -0.3856 
0.926432 -0.101027 0.101091 -0.348279 
-0.661215 0.556514 0.347786 -0.363499 
0.045156 -0.81003 0.378009 0.446006 
0.126923 -0.544694 0.16344 -0.812703 
-0.066857 -0.8988390000000001 -0.42143 -0.100076 
-0.329174 -0.461782 0.532353 0.628491 
-0.026371 0.087451 0.140591 -0.985845 
0.308777 0.263095 0.262275 0.8755849999999999 
-0.089714 0.595772 0.468274 0.6463179999999999 
0.617237 -0.459089 -0.216254 -0.60124 
0.281531 0.860031 0.131586 -0.404687 
0.6385999999999999 0.758174 0.10479 0.079885 
-0.878139 -0.291585 -0.374622 -0.059236 
-0.472704 -0.618314 -0.591403 0.210904 
0.052733 0.088211 -0.980777 -0.165875 
0.48559 -0.688262 -0.524986 -0.122014 
-0.855283 0.253593 0.441215 0.097524 
0.647404 0.07648099999999999 0.617977 -0.439458 
0.67005 -0.019306 0.484177 0.562346 
0.438157 -0.777054 0.451864 -0.004812 
0.154276 0.956492 -0.241955 0.052727 
0.148398 -0.674005 -0.612258 0.385791 
0.31513 -0.183807 -0.597387 0.7141690000000001 
0.422225 -0.222225 -0.756724 -0.44689 
0.119052 0.048788 0.764033 0.632219 
0.6190020000000001 -0.570871 0.239515 0.483296 
-0.021311 0.6996520000000001 -0.529498 0.479234 
-0.329614 0.40134 -0.771364 -0.367801 
-0.256946 0.071503 0.36083 0.893682 
-0.604502 0.487677 -0.393565 0.491788 
-0.9288 0.039703 -0.071682 0.361407 
-0.5933349999999999 -0.7927959999999999 -0.097583 -0.09952800000000001 
-0.208643 0.641821 0.143904 -0.723757 
-0.285783 0.865434 -0.018269 0.411117 
-0.249054 -0.85765 -0.138565 0.428029 
0.450579 -0.250753 -0.841589 0.160717 
-0.670455 0.035962 -0.477232 -0.566962 
0.537625 -0.046094 0.179645 -0.822534 
-0.034112 0.778321 -0.384965 -0.494828 
0.790423 -0.607904 0.002406 -0.075361 
0.196798 -0.611596 -0.126733 0.755751 
-0.627821 0.165658 0.079274 -0.756382 
0.024436 -0.07688399999999999 -0.143539 0.986351 
0.323814 -0.319632 0.862452 -0.221713 
0.877012 0.28628 0.382827 0.048353 
-0.362854 -0.278094 0.373464 -0.807171 
0.138252 0.634189 -0.756866 -0.076443 
-0.16528 0.490875 -0.094525 0.85017 
0.717027 0.11586 -0.360473 -0.585242 
-0.776255 0.623064 -0.026581 0.092268 
-0.131797 -0.526874 0.8160230000000001 0.197838 
0.187627 -0.348692 0.390692 0.831005 
0.023843 0.525541 0.830542 0.18286 
607
4 110 84 49 11
4 44 91 119 42
4 5 55 108 18
4 5 68 108 18
4 29 110 86 11
4 29 110 84 11
4 29 92 86 60
4 29 110 86 60
4 63 110 84 49
4 57 68 108 18
4 103 31 79 55
4 103 79 55 18
4 103 55 108 18
4 103 57 108 18
4 103 57 52 108
4 103 57 94 52
4 36 80 61 31
4 36 80 79 39
4 36 80 31 79
4 36 103 31 79
4 71 80 61 88
4 71 61 31 46
4 71 80 61 31
4 71 7 31 46
4 104 84 49 11
4 104 70 49 73
4 104 70 49 11
4 104 76 70 11
4 117 110 60 42
4 117 91 60 42
4 117 44 91 42
4 117 44 56 42
4 117 110 86 60
4 4 110 49 11
4 4 117 110 86
4 4 70 49 11
4 4 110 86 11
4 4 7 8 43
4 4 7 70 8
4 40 79 55 18
4 40 97 79 18
4 40 5 55 8
4 40 5 56 8
4 40 5 55 18
4 107 17 51 109
4 66 76 70 46
4 66 7 70 46
4 66 76 70 11
4 66 71 7 43
4 66 71 7 46
4 66 4 7 43
4 66 4 7 70
4 66 71 47 43
4 66 4 70 11
4 66 47 86 43
4 66 4 86 43
4 66 4 86 11
4 10 76 70 46
4 10 104 70 73
4 10 104 76 70
4 10 52 26 73
4 10 64 52 26
4 10 104 26 73
4 10 104 76 115
4 10 104 115 26
4 10 64 115 26
4 90 10 76 46
4 90 10 76 115
4 90 10 64 115
4 89 107 54 109
4 89 107 51 109
4 89 107 51 88
4 83 44 56 9
4 83 40 56 9
4 83 5 68 18
4 83 40 97 18
4 83 40 97 9
4 83 40 5 18
4 83 40 5 56
4 35 83 44 9
4 35 83 97 9
4 33 5 56 8
4 33 117 56 8
4 33 4 117 8
4 33 117 56 42
4 33 4 110 49
4 33 63 110 42
4 33 63 110 49
4 33 117 110 42
4 33 4 117 110
4 112 70 49 73
4 112 33 5 8
4 112 4 70 8
4 112 4 70 49
4 112 5 55 8
4 112 5 55 108
4 112 33 4 8
4 112 33 4 49
4 112 7 55 8
4 112 7 70 8
4 20 104 115 26
4 1 29 110 84
4 1 63 110 84
4 1 29 110 60
4 1 63 110 42
4 1 63 119 42
4 1 110 60 42
4 1 91 119 42
4 1 0 91 119
4 1 91 60 42
4 19 112 33 5
4 19 5 68 108
4 19 112 5 108
4 19 33 63 49
4 19 112 33 49
4 19 112 108 73
4 19 112 49 73
4 98 31 79 55
4 98 7 31 55
4 98 80 31 79
4 98 40 79 55
4 98 71 7 31
4 98 71 80 31
4 98 7 55 8
4 98 40 55 8
4 98 71 7 43
4 98 7 8 43
4 12 89 51 109
4 34 36 80 61
4 34 36 61 81
4 34 80 51 88
4 34 80 61 88
4 34 89 51 88
4 34 80 51 39
4 34 36 80 39
4 34 12 89 51
4 34 12 89 59
4 34 12 51 39
4 67 20 104 84
4 67 20 104 115
4 67 29 84 11
4 67 104 84 11
4 67 104 76 115
4 67 104 76 11
4 113 64 94 81
4 113 93 59 38
4 69 92 86 60
4 69 117 86 60
4 69 107 92 47
4 69 92 47 86
4 69 47 86 43
4 69 4 86 43
4 69 4 117 43
4 69 4 117 86
4 72 117 44 91
4 72 44 56 9
4 72 117 44 56
4 72 117 91 60
4 72 69 117 60
4 28 117 56 8
4 28 40 56 8
4 28 72 117 56
4 28 98 40 8
4 28 40 56 9
4 28 72 56 9
4 28 4 8 43
4 28 4 117 43
4 28 4 117 8
4 28 98 8 43
4 28 69 117 43
4 28 72 69 117
4 106 66 47 86
4 106 66 86 11
4 106 66 76 11
4 106 92 47 86
4 106 67 76 11
4 106 29 92 30
4 106 29 92 86
4 106 67 29 30
4 106 29 86 11
4 106 67 29 11
4 58 10 64 52
4 58 36 103 31
4 58 90 64 81
4 58 64 94 81
4 58 90 10 46
4 58 90 10 64
4 58 103 94 52
4 58 64 94 52
4 58 36 61 81
4 58 36 61 31
4 58 36 94 81
4 58 36 103 94
4 58 90 61 81
4 58 61 31 46
4 58 90 61 46
4 53 67 20 115
4 102 90 61 81
4 102 34 61 81
4 102 34 59 81
4 102 34 61 88
4 102 34 89 88
4 102 34 89 59
4 82 71 61 46
4 82 90 61 46
4 82 90 76 46
4 82 102 90 61
4 82 66 76 46
4 82 66 71 46
4 82 71 61 88
4 82 102 61 88
4 82 106 66 76
4 82 71 47 88
4 82 66 71 47
4 82 106 66 47
4 62 103 57 94
4 62 36 103 94
4 62 103 57 18
4 62 103 79 18
4 62 36 103 79
4 62 97 79 18
4 62 36 79 39
4 62 97 79 39
4 62 96 97 39
4 116 35 96 100
4 116 57 68 18
4 116 62 57 18
4 116 35 96 97
4 116 35 83 97
4 116 83 68 18
4 116 83 97 18
4 116 62 97 18
4 116 62 96 97
4 24 62 57 94
4 24 93 96 100
4 24 116 62 57
4 24 116 62 96
4 24 116 96 100
4 85 74 0 91
4 85 92 54 30
4 85 1 91 60
4 85 1 0 91
4 85 29 92 30
4 85 29 92 60
4 85 1 29 60
4 22 78 0 2
4 75 44 91 119
4 75 22 74 0
4 75 0 91 119
4 75 74 0 91
4 75 22 100 2
4 75 0 119 2
4 75 22 0 2
4 65 35 83 44
4 65 75 44 119
4 65 75 35 44
4 65 75 119 2
4 65 116 83 68
4 65 116 35 83
4 65 75 100 2
4 65 75 35 100
4 65 116 35 100
4 21 112 7 55
4 21 112 7 70
4 21 7 31 55
4 21 58 10 46
4 21 10 52 73
4 21 10 70 73
4 21 112 70 73
4 21 7 70 46
4 21 10 70 46
4 21 103 31 55
4 21 58 103 31
4 21 7 31 46
4 21 58 31 46
4 21 58 103 52
4 21 58 10 52
4 21 52 108 73
4 21 112 108 73
4 21 112 55 108
4 21 103 55 108
4 21 103 52 108
4 3 1 63 84
4 3 78 0 2
4 3 1 63 119
4 3 0 119 2
4 3 1 0 119
4 99 52 26 73
4 99 57 52 108
4 99 57 68 108
4 99 19 68 108
4 99 52 108 73
4 99 19 108 73
4 23 98 80 79
4 23 97 79 39
4 23 80 79 39
4 23 40 97 79
4 23 98 40 79
4 23 17 51 39
4 23 80 51 39
4 23 40 97 9
4 23 28 98 40
4 23 28 40 9
4 23 72 17 9
4 23 28 72 9
4 23 28 72 17
4 6 35 96 97
4 6 17 51 109
4 6 12 51 109
4 6 12 96 39
4 6 35 97 9
4 6 96 97 39
4 6 17 51 39
4 6 12 51 39
4 6 23 17 9
4 6 23 97 9
4 6 23 17 39
4 6 23 97 39
4 14 36 94 81
4 14 34 36 81
4 14 34 59 81
4 14 62 36 94
4 14 113 59 81
4 14 113 94 81
4 14 113 93 59
4 14 12 93 59
4 14 34 12 59
4 14 24 62 94
4 14 24 62 96
4 14 34 36 39
4 14 62 36 39
4 14 62 96 39
4 14 24 113 94
4 14 24 113 93
4 14 12 93 96
4 14 24 93 96
4 14 12 96 39
4 14 34 12 39
4 105 113 64 94
4 105 57 94 52
4 105 64 94 52
4 105 24 57 94
4 105 24 113 94
4 105 99 57 52
4 105 64 52 26
4 105 99 52 26
4 48 53 20 115
4 48 105 113 64
4 48 64 115 26
4 48 20 115 26
4 48 105 64 26
4 48 53 78 38
4 48 53 20 78
4 118 107 17 109
4 118 107 54 109
4 118 74 54 109
4 118 69 107 17
4 118 72 69 17
4 118 107 92 54
4 118 72 91 60
4 118 69 107 92
4 118 85 74 54
4 118 85 74 91
4 118 85 92 54
4 118 85 91 60
4 118 85 92 60
4 118 69 92 60
4 118 72 69 60
4 37 102 90 81
4 37 90 64 81
4 37 113 64 81
4 37 113 59 81
4 37 102 59 81
4 37 48 113 64
4 37 113 59 38
4 37 48 113 38
4 37 90 64 115
4 37 48 64 115
4 37 48 53 115
4 37 48 53 38
4 16 90 76 115
4 16 82 90 76
4 16 82 106 76
4 16 37 90 115
4 16 67 76 115
4 16 106 67 76
4 16 37 53 115
4 16 82 102 90
4 16 37 102 90
4 16 53 67 115
4 16 106 67 30
4 16 53 67 30
4 27 82 106 47
4 27 106 92 30
4 27 106 92 47
4 27 82 47 88
4 27 16 106 30
4 27 16 82 106
4 27 92 54 30
4 27 107 92 54
4 27 107 92 47
4 27 107 47 88
4 27 82 102 88
4 27 16 82 102
4 27 89 107 88
4 27 89 107 54
4 27 102 89 88
4 25 22 78 38
4 25 85 54 30
4 25 53 78 38
4 25 85 74 54
4 25 22 78 0
4 25 85 74 0
4 25 22 74 0
4 114 75 22 74
4 114 6 12 109
4 114 75 22 100
4 114 75 35 100
4 114 22 93 100
4 114 6 12 96
4 114 35 96 100
4 114 6 35 96
4 114 93 96 100
4 114 12 93 96
4 32 33 56 42
4 32 19 5 68
4 32 44 56 42
4 32 65 83 68
4 32 33 63 42
4 32 19 33 63
4 32 63 119 42
4 32 33 5 56
4 32 19 33 5
4 32 83 5 56
4 32 83 5 68
4 32 44 119 42
4 32 65 44 119
4 32 83 44 56
4 32 65 83 44
4 15 3 20 84
4 15 3 63 84
4 15 20 104 26
4 15 20 104 84
4 15 63 84 49
4 15 19 63 49
4 15 104 26 73
4 15 104 84 49
4 15 99 26 73
4 15 99 19 73
4 15 104 49 73
4 15 19 49 73
4 111 1 29 84
4 111 3 1 84
4 111 3 20 84
4 111 67 29 84
4 111 67 20 84
4 111 3 20 78
4 111 3 78 0
4 111 3 1 0
4 111 53 67 20
4 111 53 20 78
4 111 25 78 0
4 111 85 1 29
4 111 67 29 30
4 111 53 67 30
4 111 25 53 30
4 111 25 53 78
4 111 85 29 30
4 111 25 85 30
4 111 85 1 0
4 111 25 85 0
4 13 65 100 2
4 13 65 116 68
4 13 65 116 100
4 13 99 57 68
4 13 24 116 100
4 13 105 24 57
4 13 105 99 57
4 13 116 57 68
4 13 24 116 57
4 101 23 98 80
4 101 98 71 80
4 101 23 28 98
4 101 98 71 43
4 101 69 107 17
4 101 23 17 51
4 101 23 80 51
4 101 23 28 17
4 101 28 98 43
4 101 28 69 43
4 101 71 47 88
4 101 71 80 88
4 101 69 107 47
4 101 71 47 43
4 101 69 47 43
4 101 107 17 51
4 101 72 69 17
4 101 28 72 17
4 101 28 72 69
4 101 107 47 88
4 101 80 51 88
4 101 107 51 88
4 95 72 17 9
4 95 6 17 9
4 95 72 44 9
4 95 6 17 109
4 95 35 44 9
4 95 6 35 9
4 95 118 17 109
4 95 118 72 17
4 95 75 35 44
4 95 114 75 35
4 95 114 6 35
4 95 72 44 91
4 95 118 72 91
4 95 75 44 91
4 95 75 74 91
4 95 114 6 109
4 95 118 74 109
4 95 118 74 91
4 95 114 74 109
4 95 114 75 74
4 50 37 53 38
4 50 16 37 53
4 50 16 53 30
4 50 16 37 102
4 50 25 53 30
4 50 25 53 38
4 50 27 16 30
4 50 37 59 38
4 50 37 102 59
4 50 102 89 59
4 50 27 102 89
4 50 27 16 102
4 50 25 54 30
4 50 27 54 30
4 50 27 89 54
4 41 114 74 109
4 41 114 22 74
4 41 74 54 109
4 41 89 54 109
4 41 25 74 54
4 41 25 22 74
4 41 12 89 109
4 41 114 12 109
4 41 114 22 93
4 41 114 12 93
4 41 22 93 38
4 41 50 89 54
4 41 50 25 54
4 41 12 89 59
4 41 12 93 59
4 41 93 59 38
4 41 25 22 38
4 41 50 25 38
4 41 50 59 38
4 41 50 89 59
4 45 15 99 19
4 45 32 19 63
4 45 99 19 68
4 45 32 19 68
4 45 15 19 63
4 45 15 3 63
4 45 3 63 119
4 45 32 63 119
4 45 32 65 68
4 45 3 119 2
4 45 13 65 68
4 45 13 99 68
4 45 65 119 2
4 45 32 65 119
4 45 13 65 2
4 87 13 100 2
4 87 22 100 2
4 87 22 93 100
4 87 24 93 100
4 87 13 24 100
4 87 22 93 38
4 87 113 93 38
4 87 24 113 93
4 87 22 78 2
4 87 22 78 38
4 87 48 78 38
4 87 105 24 113
4 87 13 105 24
4 87 48 113 38
4 87 48 105 113
4 77 45 13 2
4 77 87 13 2
4 77 87 13 105
4 77 45 3 2
4 77 87 78 2
4 77 87 48 78
4 77 87 48 105
4 77 13 105 99
4 77 45 13 99
4 77 3 78 2
4 77 3 20 78
4 77 48 20 78
4 77 15 3 20
4 77 45 15 3
4 77 105 99 26
4 77 48 105 26
4 77 45 15 99
4 77 48 20 26
4 77 15 20 26
4 77 15 99 26
