120
20 2 25 27 115 118 122 124 126 307 312 333 341 342 344 345 348 349 352 354 356
22 329 330 331 332 333 334 335 336 337 338 339 340 341 342 343 344 345 346 353 354 355 356
20 3 27 28 30 122 123 211 212 217 310 311 312 347 348 349 469 470 472 478 479
24 301 302 303 304 305 306 307 308 309 310 311 312 313 314 330 333 335 336 347 349 350 351 353 354
22 315 316 317 318 319 320 321 322 323 324 325 326 327 328 389 391 393 532 533 534 538 539
22 10 14 35 36 37 38 79 81 83 84 85 86 136 137 139 141 142 565 566 567 574 575
20 43 44 45 133 159 162 163 166 169 172 253 254 255 262 263 439 442 443 444 445
22 31 32 33 34 134 135 138 143 153 154 397 398 401 402 406 411 417 418 419 421 423 424
22 20 31 32 33 36 38 39 79 80 81 98 100 104 108 134 135 136 137 315 316 317 318
20 11 13 15 43 155 165 166 167 171 172 431 432 435 439 442 486 487 489 490 493
22 0 16 19 34 55 147 149 151 153 229 230 233 236 237 383 384 386 423 424 425 426 427
22 525 526 527 528 529 530 531 532 533 534 535 536 537 538 539 540 541 544 545 547 549 550
24 251 252 253 254 255 256 257 258 259 260 261 262 263 269 270 271 496 500 506 586 587 589 592 593
20 3 4 5 6 7 8 9 212 213 217 293 294 295 298 300 473 474 477 478 479
22 70 250 251 252 260 359 360 369 370 374 496 497 498 510 511 512 514 515 584 585 586 587
20 56 58 82 89 90 92 105 106 107 215 289 290 292 297 299 301 303 306 308 309
20 199 200 201 202 203 204 205 206 207 208 226 227 232 234 235 543 546 548 554 556
22 159 160 161 162 163 164 165 166 167 168 169 170 171 172 177 179 184 186 457 458 463 464
22 83 84 85 86 87 88 141 142 286 287 288 375 376 377 433 434 606 607 612 613 620 621
22 79 80 81 82 83 84 92 100 101 108 109 285 286 288 289 291 292 564 566 567 572 573
20 58 90 94 95 194 195 197 210 215 216 225 228 231 239 240 301 302 303 304 305
22 417 418 419 420 421 422 423 424 425 426 427 428 429 430 513 518 519 602 603 605 608 619
22 24 25 26 27 28 29 30 117 118 119 121 122 123 124 125 503 505 507 508 597 598 599
18 11 12 13 40 41 42 49 51 54 155 156 157 158 160 161 167 168 171
20 4 5 6 7 9 60 130 357 360 365 369 370 371 372 373 497 498 499 501 502
22 1 2 23 24 25 26 115 116 118 119 188 189 190 192 193 266 267 272 273 341 342 343
22 55 56 57 58 67 215 216 218 221 224 225 230 231 237 290 296 297 381 382 383 386 387
22 21 61 76 77 78 180 181 202 206 207 265 268 274 276 279 282 283 548 552 554 557 559
20 35 36 37 38 39 40 41 46 47 48 50 51 52 53 54 317 318 322 324 327
18 22 93 96 173 174 331 332 338 339 388 395 525 526 542 544 545 551 553
20 22 23 93 174 188 190 191 203 204 206 268 272 273 274 275 542 543 548 551 552
22 42 49 138 140 156 157 158 401 404 405 406 407 417 418 518 522 524 602 603 609 614 615
22 562 563 564 565 566 567 568 569 570 571 572 573 574 575 576 577 578 579 580 581 582 583
18 35 36 47 81 108 109 110 316 318 320 323 324 564 567 574 577 580 582
20 241 242 243 244 245 246 247 248 249 250 252 258 259 260 261 512 514 517 521 523
20 43 45 120 127 131 132 133 435 436 438 442 443 468 471 476 480 487 493 494 495
20 510 511 512 513 514 515 516 517 518 519 520 521 522 523 524 603 604 605 610 615
20 63 64 65 187 196 199 205 208 219 220 222 226 227 362 367 368 590 591 594 595
20 1 24 26 29 66 187 189 192 196 198 361 367 508 509 588 591 595 596 597 599
20 163 164 169 170 248 251 252 254 258 263 374 440 441 444 445 514 515 516 520 521
20 10 11 12 14 15 42 85 139 140 141 155 156 431 432 433 606 609 612 614 616
22 1 24 113 116 117 119 256 264 266 267 269 271 280 281 505 506 589 593 596 597 598 601
24 91 110 111 112 313 314 320 321 323 325 326 329 330 337 350 353 355 484 485 577 578 579 582 583
24 31 32 39 50 52 62 104 143 315 317 319 322 390 392 393 402 409 410 411 412 538 539 540 541
22 480 481 482 483 484 485 486 487 488 489 490 491 492 493 494 495 563 570 571 579 581 583
20 92 217 291 292 295 298 299 306 309 311 347 351 472 477 479 568 569 572 573 576
20 144 145 146 147 148 149 150 151 152 153 154 397 398 399 400 419 420 423 426 428
20 61 62 175 180 181 182 183 390 392 396 403 408 409 410 414 557 558 559 560 561
20 66 67 196 197 198 209 210 214 216 218 220 221 222 225 228 361 363 364 367 368
24 98 99 100 101 102 103 104 105 106 107 108 109 110 111 315 316 319 320 321 527 532 533 536 537
22 1 65 75 76 187 188 189 204 205 206 207 208 264 265 266 268 272 594 595 596 600 601
20 78 159 163 164 178 179 184 245 248 249 257 258 259 262 263 277 278 279 282 284
18 57 59 73 74 145 147 223 224 229 230 380 381 383 426 427 428 429 430
20 187 188 189 190 191 192 193 194 195 196 197 198 203 204 205 222 227 228 235 240
26 264 265 266 267 268 269 270 271 272 273 274 275 276 277 278 279 280 281 282 283 284 447 448 451 455 456
18 134 135 136 137 138 139 140 141 142 375 417 421 422 602 606 607 608 609
20 10 11 12 13 14 15 35 37 40 41 47 48 481 486 489 571 574 575 580 581
18 5 8 9 60 87 287 293 294 371 372 376 378 379 611 613 618 620 622
20 68 69 70 71 72 73 74 144 145 246 247 250 420 428 429 510 512 513 517 519
18 584 585 586 587 588 589 590 591 592 593 594 595 596 597 598 599 600 601
20 112 173 325 326 328 329 332 337 339 340 388 389 391 394 395 446 449 454 460 465
22 17 18 69 144 146 241 244 247 397 399 401 404 413 415 418 419 420 517 518 519 522 523
18 369 370 371 372 373 374 437 440 441 511 515 516 604 610 611 617 622 623
20 82 91 92 99 101 105 107 109 110 111 308 309 313 350 351 564 573 576 577 578
18 57 59 63 67 71 72 73 74 219 220 221 223 224 358 362 364 366 368
20 468 469 470 471 472 473 474 475 476 477 478 479 480 488 495 562 563 568 569 570
18 143 150 152 154 390 398 400 402 403 410 535 540 541 549 550 555 560 561
22 93 94 95 96 97 191 194 203 234 235 238 239 240 525 529 530 531 542 543 544 546 547
18 8 83 86 87 88 287 288 291 293 295 473 475 477 562 565 566 568 572
20 46 52 53 62 182 183 185 322 327 328 391 392 393 394 396 449 450 452 459 460
22 0 16 19 20 31 33 34 98 102 104 143 151 152 153 154 319 527 528 532 535 538 540
20 397 398 399 400 401 402 403 404 405 406 407 408 409 410 411 412 413 414 415 416
20 13 41 46 48 53 54 160 165 167 185 186 452 458 459 464 467 481 482 489 490
22 0 19 20 55 56 80 82 89 98 100 101 102 103 105 106 285 289 290 384 385 386 387
22 113 114 115 116 117 118 119 124 125 126 128 129 280 281 344 345 346 453 455 456 461 462
20 120 121 122 123 124 125 126 127 128 129 348 352 468 469 470 488 491 492 494 495
20 16 148 149 150 151 152 200 232 233 234 236 238 528 529 535 546 547 549 555 556
20 209 210 211 212 213 214 215 216 217 218 296 297 298 299 300 302 303 306 310 311
20 2 25 26 27 29 30 66 192 193 195 197 198 209 210 211 302 304 307 310 312
20 155 156 158 168 169 170 171 172 431 439 441 445 516 520 524 610 614 615 616 617
22 157 158 161 164 168 170 176 177 178 179 244 248 249 404 405 415 416 520 521 522 523 524
22 63 64 65 68 70 71 72 75 243 246 250 260 261 358 359 362 584 586 590 592 594 600
20 17 18 21 61 146 148 150 200 201 202 399 400 403 413 414 554 555 556 559 560
20 14 15 85 86 88 432 433 434 435 436 475 476 480 486 487 562 563 565 571 575
22 89 90 91 94 95 97 99 103 106 107 301 305 308 313 314 334 335 336 530 531 536 537
22 22 23 115 116 173 174 267 273 275 281 338 339 340 342 343 345 346 446 447 454 456 461
18 388 389 390 391 392 393 394 395 396 526 534 539 541 545 550 553 558 561
20 3 4 6 28 29 30 66 209 211 212 213 214 357 361 363 501 502 507 508 509
22 18 21 61 77 78 175 176 178 180 241 242 244 245 249 282 283 284 408 413 414 415 416
20 75 76 77 78 242 243 245 257 259 261 264 265 270 271 277 279 592 593 600 601
22 17 63 64 68 69 71 73 144 145 146 147 148 149 199 200 201 219 223 226 229 232 233
20 112 126 128 337 340 344 346 352 355 356 454 461 462 465 466 483 484 485 491 492
20 173 174 181 183 274 275 276 394 395 396 446 447 448 449 450 551 552 553 557 558
20 496 497 498 499 500 501 502 503 504 505 506 507 508 509 585 587 588 589 598 599
24 59 60 70 72 74 358 359 360 365 366 369 371 379 380 429 430 510 511 513 604 605 611 618 619
22 43 44 45 114 127 128 129 162 165 166 453 462 463 464 466 467 482 483 490 491 493 494
20 130 131 132 133 251 253 254 370 373 374 437 438 440 443 444 496 497 499 500 504
20 431 432 433 434 435 436 437 438 439 440 441 442 443 444 445 612 616 617 621 623
20 10 12 32 37 38 39 40 42 49 50 51 134 136 138 139 140 406 407 411 412
22 285 286 287 288 289 290 291 292 293 294 295 296 297 298 299 300 376 377 378 382 385 387
20 3 6 7 28 120 121 123 130 131 132 468 469 471 474 478 499 501 503 504 507
22 49 50 51 52 53 54 62 157 160 161 175 176 177 182 185 186 405 407 408 409 412 416
20 17 18 21 64 65 68 69 75 76 77 199 201 202 207 208 241 242 243 246 247
22 602 603 604 605 606 607 608 609 610 611 612 613 614 615 616 617 618 619 620 621 622 623
20 0 16 55 56 58 89 90 94 102 103 231 236 237 238 239 527 528 529 530 536
22 4 5 57 59 60 67 213 214 218 294 296 300 357 363 364 365 366 378 379 380 381 382
20 542 543 544 545 546 547 548 549 550 551 552 553 554 555 556 557 558 559 560 561
22 175 176 177 178 179 180 181 182 183 184 185 186 276 278 283 284 448 450 451 452 457 458
22 375 376 377 378 379 380 381 382 383 384 385 386 387 422 425 427 430 607 608 613 618 619
20 44 113 114 159 162 184 255 256 257 262 269 270 277 278 280 451 453 455 457 463
22 91 96 97 99 111 314 321 325 329 330 331 332 334 336 388 389 525 526 531 533 534 537
22 2 22 23 93 95 96 97 190 191 193 194 195 304 305 307 331 333 334 335 338 341 343
20 19 20 33 34 79 80 84 135 137 142 285 286 375 377 384 385 421 422 424 425
20 357 358 359 360 361 362 363 364 365 366 367 368 498 502 509 584 585 588 590 591
20 44 45 113 114 117 120 121 125 127 129 132 133 253 255 256 500 503 504 505 506
22 219 220 221 222 223 224 225 226 227 228 229 230 231 232 233 234 235 236 237 238 239 240
22 7 8 9 87 88 130 131 372 373 434 436 437 438 471 473 474 475 476 620 621 622 623
22 46 47 48 112 323 324 326 327 328 459 460 465 466 467 481 482 483 484 580 581 582 583
22 446 447 448 449 450 451 452 453 454 455 456 457 458 459 460 461 462 463 464 465 466 467
20 347 348 349 350 351 352 353 354 355 356 470 472 485 488 492 569 570 576 578 579
4
120
0.440766 0.589851 0.50774 0.447214 
0.584925 0.139194 0.734963 0.313557 
0.085628 0.912852 0.379664 0.123386 
0.439057 0.557519 0.69313 -0.126379 
0.134748 -0.588862 0.785358 -0.135267 
-0.729617 -0.229822 0.522577 -0.376502 
-0.570379 0.068365 -0.208916 0.791422 
-0.281111 -0.692206 -0.129792 -0.651906 
-0.294916 -0.55058 0.526836 -0.576481 
-0.790048 -0.126746 0.231269 0.55342 
0.128619 -0.158484 -0.179813 -0.962293 
0.566771 -0.536812 0.381805 -0.494801 
-0.089727 0.221144 -0.597712 0.765366 
-0.306379 0.912335 0.08060100000000001 -0.259386 
-0.284945 0.357739 -0.860105 0.225939 
0.208399 0.507667 0.47461 -0.688178 
0.8417829999999999 -0.221973 -0.465303 -0.160074 
-0.450333 -0.473539 -0.121015 0.747205 
-0.820035 0.17137 0.142468 -0.527141 
-0.392327 0.124851 0.609138 -0.677822 
0.705103 0.469061 0.156548 -0.508236 
-0.447147 -0.258151 -0.587612 -0.623 
0.280754 0.774385 -0.003305 0.567004 
-0.730268 -0.617157 0.089642 0.27891 
-0.392223 0.7916530000000001 -0.466974 -0.037182 
0.78624 0.392278 0.059883 0.473665 
0.252193 0.426397 -0.127059 -0.859325 
0.643388 -0.5315839999999999 -0.421844 0.354285 
-0.376494 -0.714253 0.587122 0.058152 
0.832151 -0.324309 0.425356 0.146356 
0.944558 -0.152255 -0.042053 0.287854 
-0.663573 -0.599794 -0.404968 -0.18952 
-0.489438 0.239907 0.831826 -0.104689 
-0.296502 -0.256195 0.893945 -0.217517 
-0.124019 -0.290702 -0.904018 0.287861 
-0.6538310000000001 0.444602 0.213029 0.573979 
-0.5698800000000001 -0.169413 -0.80098 -0.070476 
0.655235 0.282349 -0.694546 -0.092476 
0.6108130000000001 0.684686 -0.333938 0.215866 
-0.517141 -0.057777 -0.680217 0.5162679999999999 
-0.963112 -0.246325 0.077705 -0.07550800000000001 
0.434339 0.293913 -0.259924 0.810805 
0.159594 -0.00369 0.985273 0.061265 
-0.013901 -0.912898 0.317877 -0.255692 
-0.479738 0.156973 0.725119 0.468415 
-0.123382 0.7044319999999999 0.626618 -0.309681 
0.059016 -0.512217 -0.524321 -0.677671 
0.295332 -0.936937 -0.094819 0.161051 
0.520696 0.687072 -0.344805 -0.371372 
0.16731 -0.256611 0.712021 -0.63181 
0.767595 0.080056 -0.494452 0.399884 
-0.069201 -0.384997 -0.527071 0.754443 
-0.022822 0.114856 -0.576145 -0.8089150000000001 
0.9290040000000001 0.305886 -0.18058 -0.103809 
0.487257 -0.267568 -0.212864 0.80354 
-0.727615 -0.357843 -0.059609 -0.582213 
-0.7040960000000001 -0.285842 0.624212 0.18139 
-0.625881 0.5576680000000001 -0.252736 -0.483119 
-0.06997299999999999 -0.066659 -0.941719 -0.322219 
0.35829 0.446512 -0.672505 0.469034 
0.38968 -0.394241 0.708605 0.436581 
-0.159346 -0.590793 -0.766962 -0.19324 
-0.734491 0.335824 -0.588828 0.032031 
0.038758 0.223421 0.880865 -0.415521 
0.259086 0.391068 -0.738287 -0.484636 
-0.490141 0.680447 0.517807 0.169201 
0.292893 -0.84127 -0.08423600000000001 -0.446523 
0.91706 -0.144595 0.1317 -0.347489 
-0.603359 0.552334 0.416825 -0.396411 
0.07323300000000001 -0.789837 0.458262 0.400986 
0.127203 -0.5403019999999999 0.213756 -0.803866 
-0.171709 -0.9218460000000001 -0.308437 -0.159947 
-0.369259 -0.514882 0.427795 0.644621 
0.056347 0.068754 0.35398 -0.931019 
0.267213 0.283574 0.276138 0.878596 
-0.13058 0.600284 0.464783 0.63764 
0.598478 -0.425218 -0.228822 -0.639261 
0.231129 0.853308 0.132042 -0.448341 
0.621818 0.760469 0.187163 6.999999999999999e-05 
-0.825836 -0.296364 -0.384393 0.287063 
-0.421066 -0.685103 -0.491612 0.334146 
0.197592 0.179726 -0.958479 0.09987500000000001 
0.392918 -0.701709 -0.557538 -0.205845 
-0.879082 0.222468 0.419051 0.046038 
0.596855 0.155118 0.615721 -0.4905 
0.661291 -0.059641 0.314264 0.6785099999999999 
0.488341 -0.773281 0.404252 0.011839 
0.147519 0.967017 -0.207188 0.013722 
0.137756 -0.733727 -0.577975 0.329565 
0.339926 -0.131662 -0.732795 0.574567 
0.427625 -0.171052 -0.726093 -0.510556 
0.09791 0.108813 0.743829 0.6521439999999999 
0.59014 -0.604333 0.14023 0.516577 
-0.059489 0.738612 -0.469855 0.47974 
-0.373477 0.366666 -0.744608 -0.414282 
-0.315992 0.025051 0.367116 0.874498 
-0.579415 0.523405 -0.381448 0.494797 
-0.942802 0.184326 -0.135728 0.242335 
-0.5858100000000001 -0.7503880000000001 0.170388 -0.254386 
-0.266559 0.531139 0.140093 -0.791967 
-0.32115 0.876715 0.019548 0.357564 
-0.273813 -0.919173 0.036003 0.280803 
0.429545 -0.310069 -0.847143 0.041198 
-0.854555 0.025816 -0.390646 -0.341269 
0.5643820000000001 -0.046289 0.188274 -0.802423 
-0.076262 0.7297169999999999 -0.375167 -0.5665210000000001 
0.76661 -0.630962 -0.07299899999999999 -0.094168 
0.08501400000000001 -0.714191 -0.075845 0.690616 
-0.446418 0.158157 -0.247284 -0.845309 
-0.020223 -0.07907400000000001 -0.10834 0.990758 
0.571735 -0.228664 0.767283 -0.17919 
0.883783 0.252385 0.393938 0.006526 
-0.381684 -0.202409 0.165924 -0.886463 
0.119665 0.689124 -0.713341 -0.04397 
-0.168435 0.492422 -0.07305 0.850772 
0.673347 0.152489 -0.343427 -0.636717 
-0.772102 0.6354959999999999 -0.000879 -0.001714 
-0.168767 -0.315747 0.853079 0.379577 
0.157365 -0.345418 0.357936 0.853114 
-0.029924 0.486377 0.848479 0.206457 
624
4 73 70 104 10
4 25 50 38 41
4 78 25 111 0
4 13 2 100 87
4 13 24 105 87
4 13 24 105 57
4 13 24 100 87
4 13 24 116 100
4 13 116 57 68
4 13 24 116 57
4 98 5 56 40
4 23 9 56 40
4 23 98 56 40
4 72 23 9 56
4 83 5 56 40
4 83 9 56 40
4 76 70 104 10
4 102 90 82 61
4 102 88 82 61
4 112 73 70 10
4 112 73 70 8
4 27 102 88 82
4 85 29 111 30
4 85 25 111 30
4 22 25 38 41
4 22 78 25 0
4 22 78 25 38
4 22 78 2 0
4 22 2 100 87
4 22 78 38 87
4 22 78 2 87
4 7 70 8 43
4 7 98 8 43
4 7 112 70 8
4 7 112 70 10
4 28 33 5 56
4 28 33 5 8
4 28 98 5 56
4 28 98 5 8
4 28 98 8 43
4 28 23 98 56
4 28 72 23 56
4 31 23 98 40
4 95 6 35 9
4 95 6 114 109
4 95 6 35 114
4 117 28 72 69
4 117 28 33 56
4 117 28 72 56
4 101 31 23 98
4 101 28 98 43
4 101 28 23 98
4 101 28 69 43
4 101 28 72 69
4 101 28 72 23
4 26 73 104 10
4 26 15 73 104
4 26 64 52 105
4 26 15 104 20
4 94 64 52 105
4 94 24 105 57
4 47 27 88 82
4 47 101 69 43
4 37 64 90 81
4 37 102 90 81
4 37 102 50 81
4 48 78 38 87
4 48 26 64 105
4 58 102 90 81
4 58 102 90 61
4 58 94 14 81
4 58 64 90 81
4 58 94 64 81
4 58 64 52 90
4 58 94 64 52
4 89 102 50 81
4 89 27 102 50
4 89 27 102 88
4 89 51 27 88
4 19 112 5 8
4 19 112 73 8
4 19 33 5 8
4 19 15 63 73
4 18 19 5 68
4 18 19 112 5
4 18 83 5 40
4 18 83 5 68
4 18 116 57 68
4 18 83 116 68
4 84 15 73 104
4 84 15 104 20
4 84 110 63 42
4 45 19 15 63
4 67 29 111 30
4 67 84 104 20
4 67 84 111 20
4 67 110 29 111
4 67 84 110 111
4 49 73 70 8
4 49 84 110 63
4 49 19 73 8
4 49 19 63 73
4 49 73 70 104
4 49 84 73 104
4 49 70 8 43
4 49 15 63 73
4 49 84 15 73
4 49 84 15 63
4 49 19 33 8
4 49 19 63 33
4 49 63 33 42
4 49 110 63 42
4 60 117 91 42
4 74 114 41 109
4 74 95 114 109
4 74 85 25 0
4 74 85 25 41
4 74 22 114 41
4 74 22 25 0
4 74 22 25 41
4 75 35 114 100
4 75 22 114 100
4 75 22 2 0
4 75 22 2 100
4 75 74 22 0
4 75 74 22 114
4 75 74 91 0
4 75 95 35 114
4 75 74 95 91
4 75 74 95 114
4 96 24 116 100
4 96 35 116 100
4 96 35 114 100
4 96 6 35 114
4 55 7 98 8
4 55 7 112 8
4 55 98 5 8
4 55 112 5 8
4 55 31 7 98
4 55 98 5 40
4 55 31 98 40
4 55 18 5 40
4 55 18 112 5
4 66 7 70 43
4 46 58 90 61
4 46 58 52 90
4 46 90 82 61
4 46 52 90 10
4 46 76 90 82
4 46 76 90 10
4 46 66 76 82
4 46 76 70 10
4 46 66 76 70
4 46 7 70 10
4 46 66 7 70
4 79 23 9 40
4 79 31 23 40
4 80 101 31 23
4 80 79 31 23
4 17 51 6 109
4 17 101 72 23
4 17 80 101 23
4 17 95 6 109
4 17 51 6 39
4 17 80 51 39
4 17 95 72 9
4 17 95 6 9
4 17 72 23 9
4 17 80 79 23
4 17 79 6 39
4 17 80 79 39
4 17 79 23 9
4 17 79 6 9
4 92 60 85 29
4 92 85 29 30
4 107 47 101 88
4 107 80 101 88
4 107 17 80 101
4 107 80 51 88
4 107 17 80 51
4 107 47 27 88
4 107 92 47 27
4 107 47 101 69
4 107 92 47 69
4 107 17 51 109
4 107 101 72 69
4 107 17 101 72
4 53 37 50 38
4 53 25 50 30
4 53 25 50 38
4 53 25 111 30
4 53 67 111 30
4 53 78 25 38
4 53 78 25 111
4 53 67 111 20
4 53 78 111 20
4 53 48 37 38
4 53 48 78 20
4 53 48 78 38
4 16 37 102 90
4 16 76 90 82
4 16 102 90 82
4 16 27 102 82
4 16 53 67 30
4 16 53 50 30
4 16 53 37 50
4 16 27 50 30
4 16 27 102 50
4 16 37 102 50
4 77 48 78 87
4 77 48 78 20
4 77 78 2 87
4 77 13 2 87
4 77 13 105 87
4 77 48 105 87
4 77 26 15 20
4 77 48 26 20
4 77 45 13 2
4 77 48 26 105
4 115 37 64 90
4 115 48 37 64
4 115 48 26 64
4 115 53 48 37
4 115 64 52 90
4 115 26 64 52
4 115 48 26 20
4 115 16 37 90
4 115 16 53 37
4 115 53 48 20
4 115 52 90 10
4 115 26 52 10
4 115 26 104 20
4 115 16 76 90
4 115 76 90 10
4 115 16 67 76
4 115 16 53 67
4 115 76 104 10
4 115 26 104 10
4 115 67 76 104
4 115 67 104 20
4 115 53 67 20
4 34 102 88 61
4 34 89 102 88
4 34 89 102 81
4 34 80 88 61
4 34 89 51 88
4 34 58 102 81
4 34 58 102 61
4 34 80 51 39
4 34 80 51 88
4 34 58 14 81
4 12 96 14 39
4 12 34 14 39
4 12 96 6 114
4 12 96 6 39
4 12 6 114 109
4 12 114 41 109
4 12 89 51 109
4 12 34 51 39
4 12 34 89 51
4 12 34 14 81
4 12 34 89 81
4 12 51 6 109
4 12 51 6 39
4 54 89 50 41
4 54 89 27 50
4 54 25 50 41
4 54 85 25 41
4 54 27 50 30
4 54 12 41 109
4 54 12 89 109
4 54 12 89 41
4 54 25 50 30
4 54 85 25 30
4 54 92 27 30
4 54 92 85 30
4 54 107 92 27
4 54 89 51 109
4 54 107 51 109
4 54 89 51 27
4 54 74 41 109
4 54 74 85 41
4 54 51 27 88
4 54 107 27 88
4 54 107 51 88
4 99 19 112 73
4 99 18 19 112
4 99 18 57 68
4 99 18 19 68
4 99 19 15 73
4 99 26 15 73
4 99 45 19 68
4 99 45 19 15
4 99 13 57 68
4 99 13 105 57
4 99 45 13 68
4 99 77 26 105
4 99 77 26 15
4 99 77 45 13
4 99 77 45 15
4 99 77 13 105
4 3 84 15 20
4 3 77 78 20
4 3 77 15 20
4 3 78 111 20
4 3 84 111 20
4 3 77 45 15
4 3 78 111 0
4 3 84 15 63
4 3 45 15 63
4 3 77 78 2
4 3 77 45 2
4 3 78 2 0
4 3 84 63 42
4 3 84 110 42
4 4 49 8 43
4 4 49 33 8
4 4 28 8 43
4 4 28 33 8
4 4 49 70 43
4 4 49 33 42
4 4 49 110 42
4 4 28 69 43
4 4 117 33 42
4 4 117 28 33
4 4 60 110 42
4 4 60 117 42
4 4 117 28 69
4 4 60 117 69
4 1 60 110 42
4 1 3 110 42
4 1 110 29 111
4 1 60 110 29
4 1 3 111 0
4 1 84 110 111
4 1 3 84 111
4 1 3 84 110
4 1 60 91 42
4 1 85 29 111
4 1 60 85 29
4 1 60 85 91
4 1 25 111 0
4 1 85 25 0
4 1 85 25 111
4 1 74 91 0
4 1 74 85 0
4 1 74 85 91
4 119 3 45 2
4 119 75 2 0
4 119 3 2 0
4 119 3 63 42
4 119 3 45 63
4 119 75 91 0
4 119 1 3 42
4 119 1 3 0
4 119 1 91 42
4 119 1 91 0
4 113 24 105 87
4 113 94 64 81
4 113 94 14 81
4 113 94 14 24
4 113 48 38 87
4 113 37 64 81
4 113 48 105 87
4 113 48 64 105
4 113 94 24 105
4 113 94 64 105
4 113 48 37 38
4 113 48 37 64
4 62 94 14 24
4 62 96 14 24
4 62 94 24 57
4 62 24 116 57
4 62 96 24 116
4 62 96 14 39
4 108 55 18 112
4 108 99 18 57
4 108 99 18 112
4 108 99 105 57
4 108 94 105 57
4 108 94 52 105
4 108 26 52 105
4 108 99 26 105
4 108 26 52 10
4 108 112 73 10
4 108 99 112 73
4 108 26 73 10
4 108 99 26 73
4 86 60 110 29
4 86 4 60 110
4 86 66 47 43
4 86 4 60 69
4 86 47 69 43
4 86 4 69 43
4 86 92 60 69
4 86 92 60 29
4 86 92 47 69
4 71 46 7 61
4 71 46 66 7
4 71 46 82 61
4 71 46 66 82
4 71 31 7 61
4 71 66 7 43
4 71 66 47 82
4 71 80 31 61
4 71 80 101 31
4 71 31 7 98
4 71 101 31 98
4 71 47 101 88
4 71 47 101 43
4 71 66 47 43
4 71 7 98 43
4 71 101 98 43
4 71 88 82 61
4 71 47 88 82
4 71 80 88 61
4 71 80 101 88
4 21 55 31 7
4 21 31 7 61
4 21 46 7 61
4 21 46 58 61
4 21 55 7 112
4 21 108 55 112
4 21 46 7 10
4 21 7 112 10
4 21 108 112 10
4 21 46 52 10
4 21 108 52 10
4 21 46 58 52
4 21 58 94 52
4 21 108 94 52
4 97 79 9 40
4 97 83 9 40
4 97 18 83 40
4 97 18 83 116
4 97 35 83 9
4 97 35 83 116
4 97 62 96 116
4 97 96 35 116
4 97 79 6 9
4 97 62 96 39
4 97 62 79 39
4 97 6 35 9
4 97 96 6 35
4 97 96 6 39
4 97 79 6 39
4 118 92 60 85
4 118 54 92 85
4 118 54 107 92
4 118 92 60 69
4 118 107 92 69
4 118 54 107 109
4 118 107 72 69
4 118 74 95 109
4 118 60 85 91
4 118 54 74 109
4 118 54 74 85
4 118 107 17 109
4 118 107 17 72
4 118 117 72 69
4 118 60 117 69
4 118 74 85 91
4 118 74 95 91
4 118 17 95 109
4 118 17 95 72
4 118 60 117 91
4 118 117 95 91
4 118 117 95 72
4 65 75 35 100
4 65 75 2 100
4 65 119 75 2
4 65 35 116 100
4 65 119 45 2
4 65 13 116 68
4 65 13 116 100
4 65 83 116 68
4 65 35 83 116
4 65 45 13 68
4 65 13 2 100
4 65 45 13 2
4 44 65 35 83
4 44 117 72 56
4 44 117 95 72
4 44 117 95 91
4 44 117 91 42
4 44 119 91 42
4 44 83 9 56
4 44 35 83 9
4 44 65 119 75
4 44 72 9 56
4 44 95 72 9
4 44 75 95 91
4 44 119 75 91
4 44 95 35 9
4 44 75 95 35
4 44 65 75 35
4 93 12 96 14
4 93 96 14 24
4 93 113 14 24
4 93 96 24 100
4 93 12 96 114
4 93 24 100 87
4 93 113 24 87
4 93 22 114 100
4 93 96 114 100
4 93 22 114 41
4 93 12 114 41
4 93 22 100 87
4 93 22 38 87
4 93 113 38 87
4 36 58 94 14
4 36 62 94 14
4 36 34 58 14
4 36 21 58 94
4 36 34 14 39
4 36 62 14 39
4 36 62 79 39
4 36 34 58 61
4 36 21 31 61
4 36 21 58 61
4 36 80 79 39
4 36 34 80 39
4 36 80 31 61
4 36 34 80 61
4 36 80 79 31
4 11 67 110 29
4 11 86 110 29
4 11 49 70 104
4 11 76 70 104
4 11 67 76 104
4 11 67 84 104
4 11 67 84 110
4 11 4 49 70
4 11 4 49 110
4 11 86 4 110
4 11 66 76 70
4 11 49 84 104
4 11 49 84 110
4 11 4 70 43
4 11 86 4 43
4 11 66 70 43
4 11 86 66 43
4 106 67 29 30
4 106 16 67 30
4 106 11 67 29
4 106 11 86 29
4 106 16 67 76
4 106 11 67 76
4 106 16 27 30
4 106 11 66 76
4 106 11 86 66
4 106 92 29 30
4 106 92 27 30
4 106 86 92 29
4 106 16 27 82
4 106 66 76 82
4 106 16 76 82
4 106 92 47 27
4 106 86 92 47
4 106 47 27 82
4 106 66 47 82
4 106 86 66 47
4 32 65 83 68
4 32 44 65 83
4 32 19 63 33
4 32 83 5 68
4 32 19 5 68
4 32 19 33 5
4 32 65 45 68
4 32 65 119 45
4 32 44 65 119
4 32 44 83 56
4 32 45 19 68
4 32 45 19 63
4 32 33 5 56
4 32 83 5 56
4 32 119 45 63
4 32 63 33 42
4 32 119 63 42
4 32 44 119 42
4 32 117 33 56
4 32 44 117 56
4 32 117 33 42
4 32 44 117 42
4 59 113 14 81
4 59 93 113 14
4 59 12 14 81
4 59 93 12 14
4 59 93 113 38
4 59 93 12 41
4 59 113 37 81
4 59 113 37 38
4 59 12 89 81
4 59 12 89 41
4 59 37 50 81
4 59 37 50 38
4 59 50 38 41
4 59 22 38 41
4 59 93 22 41
4 59 93 22 38
4 59 89 50 81
4 59 89 50 41
4 103 21 55 31
4 103 36 21 31
4 103 36 62 94
4 103 36 21 94
4 103 55 18 40
4 103 108 55 18
4 103 21 108 55
4 103 55 31 40
4 103 36 62 79
4 103 62 94 57
4 103 97 18 40
4 103 108 18 57
4 103 79 31 40
4 103 36 79 31
4 103 97 79 40
4 103 97 62 79
4 103 108 94 57
4 103 21 108 94
4 103 18 116 57
4 103 97 18 116
4 103 62 116 57
4 103 97 62 116
