120
20 104 162 164 166 168 169 185 187 188 285 286 290 300 302 304 429 430 432 433 434
20 39 40 43 100 102 104 166 169 171 184 185 187 340 344 346 455 459 461 466 469
20 300 301 302 303 304 305 306 307 308 309 430 432 536 537 538 589 590 593 596 597
20 161 162 166 185 192 196 197 300 304 306 307 309 340 342 343 461 466 467 470 471
20 355 356 357 358 359 360 361 362 363 364 365 366 367 368 369 370 371 372 373 374
20 15 16 17 18 21 22 24 51 52 53 74 75 77 80 81 259 260 264 268 272
20 110 113 273 279 282 283 399 401 402 411 421 422 423 425 426 496 497 501 503 504
20 14 31 33 34 85 86 88 201 204 207 325 326 327 328 329 359 365 370 371 373
20 14 15 18 45 48 49 51 79 80 81 314 316 322 325 328 364 371 372 373 374
20 105 106 107 108 109 110 111 112 113 114 156 159 279 280 281 413 416 423 424 425
20 55 57 58 60 61 70 83 200 202 203 208 209 211 213 214 233 234 235 238 239
20 2 3 11 198 210 212 215 335 338 339 358 360 361 366 367 457 458 460 464 465
20 283 284 401 411 482 486 489 493 497 501 520 521 527 528 529 560 561 562 564 565
20 67 68 92 193 195 253 255 261 263 270 303 305 532 534 537 595 596 597 598 599
20 560 561 562 563 564 565 566 567 568 569 570 571 572 573 574 575 576 577 578 579
20 172 173 174 175 176 177 178 190 191 194 196 197 341 342 345 470 471 472 473 474
20 435 436 437 438 439 440 441 442 443 444 445 446 447 448 449 450 451 452 453 454
20 109 113 114 121 123 134 136 142 143 145 273 274 276 279 280 395 396 399 402 403
20 1 4 5 6 7 8 9 16 17 19 20 22 64 65 66 254 256 258 259 260
20 13 23 24 72 74 75 98 172 176 177 264 265 266 271 272 341 345 348 349 350
20 59 160 161 175 190 192 197 330 331 332 462 463 467 471 472 509 510 513 515 516
20 82 83 84 85 86 87 88 89 90 91 202 203 204 206 207 235 237 239 244 245
20 427 428 429 430 431 432 433 434 526 538 548 549 554 556 557 580 582 588 590 593
20 36 110 111 112 113 114 134 310 311 313 315 319 395 397 399 490 492 496 499 503
20 67 68 69 223 224 405 410 534 535 539 563 566 569 574 575 591 592 594 598 599
20 35 127 129 163 164 165 167 168 222 290 296 297 429 431 433 541 546 548 551 556
20 55 56 57 58 59 60 61 95 97 174 175 178 189 190 191 507 508 511 513 516
20 146 147 148 149 150 151 152 379 380 384 447 448 449 450 454 475 476 478 479 481
20 45 48 49 50 106 108 109 112 114 120 123 124 134 135 136 310 311 312 314 316
20 2 3 27 28 29 37 38 39 42 43 170 171 336 337 338 455 456 457 458 459
20 28 29 35 127 128 129 146 148 152 165 167 170 334 336 337 438 440 445 447 449
20 0 30 31 63 85 88 90 219 220 221 237 240 244 246 247 318 320 323 327 329
20 53 73 74 77 153 157 158 179 182 186 267 268 269 271 272 347 349 350 351 354
20 72 73 74 75 76 77 78 79 80 81 348 349 352 353 354 355 356 362 364 374
20 390 391 392 393 394 404 477 482 484 491 493 495 519 521 522 564 565 568 571 572
20 412 413 414 415 416 417 418 419 420 421 422 423 424 425 426 581 583 585 586 587
20 62 63 219 221 226 243 246 247 249 252 392 394 494 495 500 568 571 573 576 577
20 230 231 232 408 443 444 446 451 452 506 512 514 523 524 525 544 545 547 552 553
20 540 541 542 543 544 545 546 547 548 549 550 551 552 553 554 555 556 557 558 559
20 490 491 492 493 494 495 496 497 498 499 500 501 502 503 504 562 564 568 570 573
20 4 5 6 16 17 18 36 48 51 52 105 107 108 111 112 311 314 315 322 324
20 222 284 297 298 299 428 431 480 485 486 517 520 526 527 528 551 555 556 557 558
20 40 46 47 54 73 76 78 102 103 153 154 155 179 180 184 344 346 347 352 354
20 10 32 33 45 116 117 120 132 133 135 312 316 317 325 326 368 369 370 371 372
20 153 154 155 156 157 158 159 179 180 181 182 183 275 278 281 412 413 414 416 417
20 177 186 193 194 196 261 266 269 270 271 303 305 307 308 309 342 343 345 350 351
20 30 31 34 85 201 203 204 213 214 216 234 235 236 237 240 377 378 381 383 385
20 10 12 26 32 115 116 131 132 133 137 138 144 147 149 150 376 379 380 382 387
20 505 506 507 508 509 510 511 512 513 514 515 516 530 531 533 540 542 543 544 545
20 13 72 172 173 198 199 205 341 348 353 356 360 361 362 363 464 465 468 473 474
20 35 127 152 222 445 449 450 451 452 475 478 480 517 518 524 546 547 551 552 555
20 395 396 397 398 399 400 401 402 403 404 482 483 484 488 489 490 491 493 496 497
20 25 55 56 58 83 84 89 93 94 95 96 97 227 228 229 238 239 245 250 251
20 35 160 163 165 331 332 334 438 439 443 445 452 509 514 515 540 541 544 546 547
20 127 128 129 130 140 141 148 151 152 222 292 293 296 297 298 478 480 481 485 487
20 0 1 6 14 15 17 18 20 21 22 86 87 88 90 91 322 323 324 328 329
20 48 49 50 51 52 53 54 73 76 77 79 81 105 106 108 153 154 156 158 159
20 9 19 25 66 67 68 69 92 93 94 223 224 225 227 229 253 254 255 256 257
20 233 234 235 236 237 238 239 240 241 242 243 244 245 246 247 248 249 250 251 252
20 517 518 519 520 521 522 523 524 525 527 552 553 555 558 559 561 565 567 572 579
20 37 38 39 40 41 42 43 44 46 47 99 100 101 102 103 118 119 122 125 126
20 30 71 218 220 221 236 240 241 243 246 383 385 386 388 389 390 391 392 393 394
20 7 8 9 62 64 66 69 224 225 226 409 410 498 500 502 569 570 573 574 577
20 340 341 342 343 344 345 346 347 348 349 350 351 352 353 354 466 468 469 470 474
20 56 57 58 70 228 230 232 233 238 242 248 250 406 407 408 505 506 508 511 512
20 157 182 183 186 262 263 267 269 270 301 303 308 412 414 415 585 587 589 595 596
20 10 11 12 32 33 34 201 212 215 216 358 359 367 368 370 375 376 377 381 382
20 330 331 332 333 334 335 336 337 338 339 436 437 438 439 440 456 457 460 462 463
20 253 254 255 256 257 258 259 260 261 262 263 264 265 266 267 268 269 270 271 272
20 115 116 117 118 119 120 121 122 123 124 125 126 133 135 136 137 139 143 144 145
20 198 199 200 201 202 203 204 205 206 207 210 211 214 215 216 358 359 361 363 365
20 30 31 32 33 34 131 132 217 218 220 317 320 321 326 327 381 382 385 386 387
20 47 50 54 101 103 106 109 121 122 123 124 126 154 155 156 276 277 278 280 281
20 13 23 55 61 82 83 84 96 97 98 172 173 174 176 178 199 200 202 205 206
20 285 286 287 288 289 290 291 292 293 294 295 296 297 298 299 427 428 431 433 434
20 181 183 188 275 286 288 289 301 302 414 417 418 427 432 434 581 582 585 589 590
20 208 209 210 211 212 213 214 215 216 333 335 339 375 377 378 435 436 437 441 442
20 189 190 191 192 193 194 195 196 197 305 306 307 507 510 513 530 532 533 536 537
20 160 161 162 163 164 192 300 306 429 430 509 510 533 536 538 540 541 542 548 549
20 0 1 5 6 7 8 36 62 63 219 315 318 319 323 324 492 494 498 499 500
20 217 218 219 220 221 313 318 319 320 321 393 394 397 400 404 490 491 492 494 495
20 71 230 231 241 242 243 248 249 391 392 407 408 522 523 525 571 572 576 578 579
20 375 376 377 378 379 380 381 382 383 384 385 386 387 388 389 441 442 448 453 454
20 4 16 52 53 65 105 107 157 158 159 258 260 262 267 268 412 413 415 419 424
20 455 456 457 458 459 460 461 462 463 464 465 466 467 468 469 470 471 472 473 474
20 29 41 42 43 99 100 104 128 129 130 167 168 169 170 171 285 287 290 292 296
20 2 3 10 11 12 26 27 37 38 44 115 116 117 119 125 357 366 367 368 369
20 530 531 532 533 534 535 536 537 538 539 542 543 549 550 554 588 593 594 597 599
20 131 138 150 217 218 380 384 386 387 388 390 393 398 400 404 476 477 479 483 484
20 475 476 477 478 479 480 481 482 483 484 485 486 487 488 489 517 518 519 520 521
20 70 71 209 213 230 231 232 233 234 236 241 242 378 383 389 435 442 444 446 453
20 99 100 101 102 103 104 155 180 181 184 187 188 275 277 278 285 286 287 288 291
20 26 27 28 29 38 41 42 115 118 119 128 130 137 139 141 146 147 148 149 151
20 526 527 528 529 539 550 554 557 558 559 560 561 563 566 567 580 584 588 592 594
20 223 224 225 226 227 228 229 248 249 250 251 252 405 406 407 574 575 576 577 578
20 273 274 275 276 277 278 279 280 281 282 288 289 291 294 295 416 417 418 425 426
20 409 410 411 420 421 422 501 502 504 529 560 562 563 569 570 583 584 586 591 592
20 4 5 7 36 64 65 107 110 111 409 419 420 421 423 424 498 499 502 503 504
20 310 311 312 313 314 315 316 317 318 319 320 321 322 323 324 325 326 327 328 329
20 92 93 94 95 96 97 98 176 177 178 189 191 193 194 195 253 257 261 265 266
20 580 581 582 583 584 585 586 587 588 589 590 591 592 593 594 595 596 597 598 599
20 131 132 133 134 135 136 138 144 145 217 310 312 313 317 321 395 396 397 398 400
20 71 231 384 388 389 390 391 446 450 451 453 454 475 476 477 518 519 522 524 525
20 0 1 8 9 19 20 25 62 63 89 90 91 225 226 229 244 245 247 251 252
20 59 60 61 173 174 175 198 199 200 208 210 211 330 333 335 460 462 465 472 473
20 56 67 92 93 95 189 195 223 227 228 405 406 505 507 508 530 531 532 534 535
20 2 11 12 26 27 28 146 147 212 337 338 339 375 376 379 437 440 441 447 448
20 137 138 139 140 141 142 143 144 145 149 150 151 396 398 403 479 481 483 487 488
20 19 20 21 22 23 24 25 82 84 87 89 91 94 96 98 256 257 259 264 265
20 140 142 273 274 282 283 284 293 294 295 298 299 401 402 403 485 486 487 488 489
20 3 37 39 40 44 46 78 346 352 353 355 356 357 360 366 458 459 464 468 469
20 160 161 162 163 164 165 166 167 168 169 170 171 332 334 336 455 456 461 463 467
20 13 14 15 21 23 24 72 75 80 82 86 87 205 206 207 362 363 365 373 374
20 405 406 407 408 505 506 523 531 535 539 543 545 550 553 559 566 567 575 578 579
20 282 283 284 289 295 299 411 418 422 426 427 428 526 528 529 580 581 582 583 584
20 57 59 60 70 208 209 232 330 331 333 435 436 439 443 444 511 512 514 515 516
20 64 65 66 68 69 254 255 258 262 263 409 410 415 419 420 586 587 591 595 598
20 44 45 46 47 49 50 54 76 78 79 117 120 124 125 126 355 357 364 369 372
20 41 99 101 118 121 122 130 139 140 141 142 143 274 276 277 287 291 292 293 294
20 179 180 181 182 183 184 185 186 187 188 301 302 304 308 309 340 343 344 347 351
4
120
0.481673 0.555498 0.524197 0.429686 
0.49832 0.12551 0.848421 0.126907 
0.099742 0.911487 0.37584 0.134118 
0.466501 0.608752 0.616263 -0.178935 
0.026931 -0.695728 0.524614 -0.489916 
-0.747791 -0.06769699999999999 0.5116849999999999 -0.417616 
-0.561608 0.006591 -0.156844 0.812375 
-0.281047 -0.773299 0.000263 -0.56835 
-0.549856 -0.63587 0.459816 -0.286175 
-0.723247 -0.153878 0.362727 0.567154 
0.25364 -0.084175 -0.367492 -0.890803 
0.593427 -0.489836 0.389021 -0.506525 
-0.185459 0.164543 -0.616509 0.747293 
-0.320282 0.919318 0.08391800000000001 -0.212678 
-0.324617 0.352411 -0.848581 0.224366 
0.273144 0.429482 0.472939 -0.719212 
0.854957 -0.230182 -0.45168 -0.109775 
-0.315282 -0.479167 0.135226 0.807905 
-0.948414 0.150105 -0.012772 -0.278955 
-0.293345 0.223593 0.608534 -0.702596 
0.735299 0.471331 0.156696 -0.461117 
-0.312852 -0.290067 -0.2319 -0.874189 
0.281038 0.773303 -0.000248 0.568348 
-0.735306 -0.471325 -0.156705 0.461109 
-0.39857 0.7859699999999999 -0.472589 0.007226 
0.759844 0.385171 0.007727 0.523661 
0.315277 0.479156 -0.135224 -0.807913 
0.660103 -0.526318 -0.368116 0.389544 
-0.534684 -0.68913 0.367751 0.322447 
0.786782 -0.310568 0.532336 0.033755 
0.948417 -0.150085 0.012753 0.278957 
-0.481668 -0.555499 -0.524194 -0.429695 
-0.450101 0.275612 0.83566 -0.152055 
-0.261534 -0.259648 0.840692 -0.396761 
-0.126671 -0.215757 -0.90045 0.355799 
-0.635559 0.440152 0.219153 0.595233 
-0.498306 -0.125514 -0.84843 -0.126901 
0.608622 0.255576 -0.743753 -0.105318 
0.549839 0.635884 -0.459823 0.286168 
-0.655065 -0.073493 -0.621298 0.423648 
-0.916608 -0.333132 0.219387 0.026879 
0.35499 0.339745 -0.376245 0.7854910000000001 
-0.068173 -0.080385 0.98402 0.143513 
-0.141891 -0.961162 0.232316 -0.045424 
-0.434931 0.222352 0.743601 0.456566 
-0.119652 0.7015169999999999 0.6083730000000001 -0.351341 
0.095111 -0.615357 -0.459396 -0.633439 
0.320276 -0.919318 -0.083929 0.21268 
0.5346689999999999 0.689132 -0.367757 -0.32246 
0.185463 -0.164549 0.616524 -0.747279 
0.747787 0.067719 -0.511692 0.417612 
-0.273145 -0.429487 -0.472936 0.719211 
-0.225169 0.303961 -0.375489 -0.846117 
0.916598 0.33315 -0.2194 -0.026887 
0.601321 -0.146013 -0.08418399999999999 0.781029 
-0.75985 -0.385153 -0.007734 -0.523666 
-0.608629 -0.255569 0.7437510000000001 0.105307 
-0.617965 0.576001 -0.240061 -0.478239 
-0.151217 -0.129601 -0.751481 -0.628978 
0.261528 0.259652 -0.840692 0.396763 
0.339792 -0.405673 0.756509 0.384273 
-0.019505 -0.5136540000000001 -0.840437 -0.171595 
-0.786775 0.31057 -0.532347 -0.033736 
0.126682 0.215758 0.9004490000000001 -0.355797 
0.236986 0.345803 -0.691732 -0.588017 
-0.466744 0.705593 0.511437 0.150735 
0.305112 -0.866066 0.008149999999999999 -0.395941 
0.93325 -0.096842 0.104831 -0.329662 
-0.660101 0.52633 0.368102 -0.389544 
0.051474 -0.781899 0.375639 0.494852 
0.173404 -0.482005 0.09711 -0.85333 
-0.099745 -0.911487 -0.375837 -0.134125 
-0.23699 -0.345822 0.691732 0.588005 
-0.02454 0.086163 0.148971 -0.984775 
0.312859 0.29006 0.231912 0.874186 
-0.095105 0.615344 0.45942 0.633435 
0.635564 -0.440161 -0.219131 -0.595229 
0.256493 0.859468 0.148708 -0.416429 
0.628129 0.76923 0.09668400000000001 0.06627 
-0.874464 -0.283457 -0.388772 -0.061818 
-0.466498 -0.608749 -0.61627 0.178929 
0.06818200000000001 0.080378 -0.984019 -0.143518 
0.466749 -0.705593 -0.511431 -0.150737 
-0.854957 0.230191 0.451675 0.109771 
0.655074 0.073492 0.6213 -0.423631 
0.679619 -0.012672 0.472321 0.561132 
0.398566 -0.785977 0.472581 -0.007211 
0.14187 0.961165 -0.23232 0.045421 
0.119652 -0.701514 -0.60838 0.351334 
0.293347 -0.223585 -0.608532 0.702599 
0.434937 -0.222362 -0.743588 -0.456577 
0.151226 0.129585 0.751487 0.628972 
0.617968 -0.576002 0.240037 0.478246 
-0.026938 0.695728 -0.5246 0.489931 
-0.339785 0.405661 -0.756522 -0.384265 
-0.253632 0.08416 0.367515 0.890798 
-0.593422 0.489831 -0.389009 0.5065460000000001 
-0.933246 0.096845 -0.104832 0.329671 
-0.628145 -0.769215 -0.096691 -0.066278 
-0.213115 0.621422 0.143927 -0.740069 
-0.305114 0.866061 -0.008133 0.395952 
-0.256505 -0.859466 -0.148717 0.416421 
0.450105 -0.275605 -0.835661 0.152048 
-0.679608 0.012672 -0.472338 -0.561132 
0.561615 -0.006596 0.156864 -0.812366 
-0.05148 0.7818889999999999 -0.375649 -0.49486 
0.7747230000000001 -0.6280210000000001 0.01292 -0.072296 
0.213109 -0.621427 -0.143938 0.7400640000000001 
-0.60132 0.146019 0.084172 -0.78103 
0.024547 -0.086171 -0.148959 0.984776 
0.324623 -0.352417 0.848581 -0.224348 
0.874467 0.283473 0.388754 0.061815 
-0.354993 -0.339734 0.376258 -0.785488 
0.129818 0.643712 -0.751736 -0.060622 
-0.173401 0.481995 -0.097082 0.853339 
0.7232460000000001 0.153874 -0.362718 -0.567163 
-0.774719 0.628024 -0.012925 0.072309 
-0.129826 -0.64371 0.751736 0.060624 
0.225171 -0.303973 0.375485 0.846114 
0.019513 0.513647 0.8404430000000001 0.171586 
600
4 103 55 31 79
4 103 55 79 18
4 29 86 106 11
4 29 110 86 11
4 40 97 83 18
4 40 97 79 18
4 40 55 79 18
4 62 97 79 18
4 62 103 79 18
4 62 103 57 18
4 66 47 86 43
4 66 86 106 11
4 66 47 86 106
4 112 19 49 73
4 112 7 55 8
4 5 112 55 8
4 5 40 83 18
4 5 40 55 18
4 5 40 55 8
4 108 103 57 18
4 108 103 55 18
4 108 5 112 55
4 108 5 55 18
4 108 112 19 73
4 108 5 112 19
4 52 108 103 57
4 92 47 86 106
4 92 29 86 106
4 92 29 106 30
4 92 29 85 30
4 71 46 31 61
4 71 7 46 31
4 71 66 47 43
4 71 7 66 43
4 71 7 66 46
4 53 25 50 30
4 23 40 97 79
4 60 29 110 86
4 60 92 29 86
4 60 29 110 1
4 60 110 1 42
4 60 92 85 118
4 60 92 29 85
4 60 29 1 85
4 117 60 110 86
4 117 28 8 43
4 117 60 110 42
4 117 60 72 42
4 56 40 28 8
4 56 117 28 8
4 56 117 72 28
4 56 5 40 8
4 56 5 40 83
4 56 5 32 83
4 56 117 72 42
4 26 52 10 73
4 26 52 105 64
4 26 10 115 64
4 26 52 10 64
4 104 26 20 115
4 104 26 10 115
4 104 26 10 73
4 36 62 103 79
4 36 103 31 79
4 116 62 97 18
4 116 97 83 18
4 116 62 57 18
4 24 13 105 57
4 24 116 13 57
4 24 116 62 57
4 90 10 115 64
4 90 81 102 61
4 33 112 19 49
4 33 56 32 42
4 33 5 32 19
4 33 5 112 19
4 33 56 117 42
4 33 56 5 32
4 33 117 110 42
4 33 56 117 8
4 33 5 112 8
4 33 56 5 8
4 21 108 112 73
4 21 52 10 73
4 21 52 108 73
4 21 7 46 31
4 21 112 7 55
4 21 108 112 55
4 21 7 55 31
4 21 52 108 103
4 21 103 55 31
4 21 108 103 55
4 99 13 105 57
4 99 52 105 57
4 99 52 108 57
4 99 26 52 105
4 99 52 108 73
4 99 26 52 73
4 99 108 19 73
4 91 60 85 118
4 91 60 1 85
4 91 60 72 118
4 91 60 1 42
4 91 60 72 42
4 0 91 1 85
4 9 56 40 83
4 9 56 72 28
4 9 40 97 83
4 9 56 40 28
4 9 72 17 28
4 9 23 97 6
4 9 23 40 97
4 9 23 40 28
4 9 23 17 6
4 9 23 17 28
4 69 92 47 86
4 69 47 86 43
4 69 117 86 43
4 69 60 92 118
4 69 60 92 86
4 69 117 28 43
4 69 72 17 118
4 69 60 72 118
4 69 72 17 28
4 69 117 72 28
4 69 117 60 86
4 69 117 60 72
4 54 25 50 30
4 54 92 85 30
4 54 25 85 30
4 54 92 85 118
4 101 88 71 47
4 101 71 47 43
4 101 69 47 43
4 101 23 17 28
4 101 69 28 43
4 101 69 17 28
4 107 69 92 47
4 107 101 88 47
4 107 69 92 118
4 107 54 109 118
4 107 54 92 118
4 107 17 109 118
4 107 69 17 118
4 107 101 69 47
4 107 101 69 17
4 27 92 106 30
4 27 92 47 106
4 27 54 92 30
4 27 107 92 47
4 27 107 88 47
4 27 107 54 92
4 27 54 50 30
4 44 56 32 42
4 44 56 72 42
4 44 91 72 42
4 44 9 56 72
4 44 32 65 83
4 44 56 32 83
4 44 9 56 83
4 111 53 20 78
4 111 3 20 78
4 111 0 3 78
4 111 53 25 78
4 111 0 25 78
4 111 53 25 30
4 111 0 3 1
4 111 25 85 30
4 111 0 25 85
4 111 0 1 85
4 111 29 85 30
4 111 29 1 85
4 15 19 49 73
4 15 104 49 73
4 15 104 26 73
4 15 104 26 20
4 15 99 19 73
4 15 99 19 45
4 15 99 26 73
4 119 44 32 42
4 119 44 91 42
4 119 44 91 75
4 119 44 32 65
4 119 44 75 65
4 119 91 1 42
4 119 0 3 1
4 119 32 65 45
4 119 0 91 1
4 119 0 91 75
4 77 99 26 105
4 77 15 26 20
4 77 15 99 26
4 77 3 20 78
4 77 99 13 45
4 77 15 99 45
4 77 99 13 105
4 77 15 3 45
4 77 15 3 20
4 70 104 49 11
4 70 104 49 73
4 70 104 10 73
4 70 7 66 46
4 70 21 10 73
4 70 21 10 46
4 70 21 7 46
4 70 112 49 73
4 70 21 112 73
4 70 21 112 7
4 76 104 10 115
4 76 90 10 115
4 76 70 104 11
4 76 70 104 10
4 76 66 106 11
4 76 90 10 46
4 76 70 10 46
4 76 70 66 11
4 76 70 66 46
4 80 101 88 71
4 80 88 71 61
4 80 36 31 79
4 80 71 31 61
4 80 36 31 61
4 41 54 25 50
4 94 24 105 57
4 94 24 62 57
4 94 62 103 57
4 94 36 62 103
4 94 52 105 57
4 94 52 105 64
4 94 52 103 57
4 37 90 81 64
4 37 90 81 102
4 37 90 115 64
4 58 90 10 64
4 58 90 10 46
4 58 21 10 46
4 58 90 46 61
4 58 21 46 31
4 58 52 10 64
4 58 21 52 10
4 58 46 31 61
4 58 90 81 61
4 58 90 81 64
4 58 81 36 61
4 58 21 103 31
4 58 21 52 103
4 58 36 31 61
4 58 36 103 31
4 58 94 81 64
4 58 94 81 36
4 58 94 52 64
4 58 94 52 103
4 58 94 36 103
4 68 99 13 57
4 68 116 57 18
4 68 116 13 57
4 68 108 57 18
4 68 99 108 57
4 68 116 83 18
4 68 108 5 18
4 68 5 83 18
4 68 99 13 45
4 68 116 65 83
4 68 116 13 65
4 68 108 5 19
4 68 99 108 19
4 68 99 19 45
4 68 32 65 83
4 68 5 32 83
4 68 32 65 45
4 68 13 65 45
4 68 32 19 45
4 68 5 32 19
4 95 17 109 6
4 95 17 109 118
4 95 44 91 75
4 95 72 17 118
4 95 91 72 118
4 95 44 91 72
4 95 9 17 6
4 95 9 72 17
4 95 44 9 72
4 114 95 109 6
4 114 12 109 6
4 114 41 12 109
4 74 0 91 85
4 74 0 91 75
4 74 91 85 118
4 74 95 91 75
4 74 114 95 75
4 74 0 25 85
4 74 95 91 118
4 74 54 85 118
4 74 54 109 118
4 74 95 109 118
4 74 114 95 109
4 74 54 25 85
4 74 41 54 25
4 74 41 54 109
4 74 114 41 109
4 2 0 3 78
4 2 119 75 65
4 2 119 0 75
4 2 13 65 45
4 2 119 0 3
4 2 77 13 45
4 2 77 3 78
4 2 77 3 45
4 2 119 65 45
4 2 119 3 45
4 98 101 23 28
4 98 23 40 28
4 98 101 28 43
4 98 80 101 23
4 98 40 28 8
4 98 23 40 79
4 98 28 8 43
4 98 101 71 43
4 98 80 31 79
4 98 80 23 79
4 98 80 71 31
4 98 80 101 71
4 98 40 55 8
4 98 55 31 79
4 98 40 55 79
4 98 7 8 43
4 98 71 7 43
4 98 71 7 31
4 98 7 55 8
4 98 7 55 31
4 67 104 20 115
4 67 53 20 115
4 67 111 53 20
4 67 76 104 115
4 67 111 53 30
4 67 76 104 11
4 67 111 29 30
4 67 29 106 30
4 67 29 106 11
4 67 76 106 11
4 63 119 3 1
4 63 15 19 49
4 63 15 3 45
4 63 119 3 45
4 63 119 1 42
4 63 15 19 45
4 63 110 1 42
4 63 119 32 42
4 63 33 19 49
4 63 33 32 19
4 63 32 19 45
4 63 119 32 45
4 63 33 110 42
4 63 33 110 49
4 63 33 32 42
4 4 33 117 110
4 4 33 110 49
4 4 117 110 86
4 4 70 66 11
4 4 70 7 66
4 4 110 49 11
4 4 70 49 11
4 4 33 112 49
4 4 70 112 49
4 4 33 117 8
4 4 70 112 7
4 4 110 86 11
4 4 66 86 11
4 4 66 86 43
4 4 117 86 43
4 4 7 66 43
4 4 7 8 43
4 4 117 8 43
4 4 112 7 8
4 4 33 112 8
4 82 76 66 106
4 82 66 47 106
4 82 76 66 46
4 82 76 90 46
4 82 27 47 106
4 82 27 88 47
4 82 71 66 46
4 82 71 66 47
4 82 90 46 61
4 82 27 88 102
4 82 71 46 61
4 82 88 71 61
4 82 88 71 47
4 82 88 102 61
4 82 90 102 61
4 34 88 102 61
4 34 81 102 61
4 34 81 36 61
4 34 80 88 61
4 34 80 36 61
4 51 101 23 17
4 51 107 101 17
4 51 80 101 23
4 51 107 101 88
4 51 23 17 6
4 51 80 101 88
4 51 12 109 6
4 51 17 109 6
4 51 107 17 109
4 51 34 80 88
4 113 94 24 105
4 113 94 105 64
4 113 94 81 64
4 113 37 81 64
4 96 116 62 97
4 96 24 116 62
4 96 114 12 6
4 35 44 65 83
4 35 44 9 83
4 35 44 75 65
4 35 116 65 83
4 35 95 44 9
4 35 95 44 75
4 35 114 95 75
4 35 116 97 83
4 35 96 116 97
4 35 96 97 6
4 35 96 114 6
4 35 9 97 6
4 35 9 97 83
4 35 95 9 6
4 35 114 95 6
4 22 74 114 75
4 22 74 114 41
4 22 0 25 78
4 22 2 0 78
4 22 74 41 25
4 22 2 0 75
4 22 74 0 25
4 22 74 0 75
4 16 76 90 115
4 16 67 76 115
4 16 67 76 106
4 16 67 53 30
4 16 67 53 115
4 16 67 106 30
4 16 82 76 106
4 16 82 76 90
4 16 37 53 115
4 16 37 90 115
4 16 53 50 30
4 16 37 90 102
4 16 27 106 30
4 16 82 27 106
4 16 27 50 30
4 16 27 102 50
4 16 37 102 50
4 16 37 53 50
4 16 82 90 102
4 16 82 27 102
4 84 111 29 1
4 84 67 111 29
4 84 67 29 11
4 84 29 110 11
4 84 29 110 1
4 84 67 104 11
4 84 111 3 1
4 84 67 104 20
4 84 67 111 20
4 84 110 49 11
4 84 104 49 11
4 84 63 3 1
4 84 111 3 20
4 84 63 110 49
4 84 63 110 1
4 84 63 15 3
4 84 15 3 20
4 84 15 104 20
4 84 15 104 49
4 84 63 15 49
4 89 27 102 50
4 89 27 88 102
4 89 34 88 102
4 89 27 54 50
4 89 27 107 88
4 89 41 54 50
4 89 27 107 54
4 89 51 34 12
4 89 51 107 88
4 89 51 34 88
4 89 41 54 109
4 89 41 12 109
4 89 107 54 109
4 89 51 107 109
4 89 51 12 109
4 39 51 80 23
4 39 51 34 80
4 39 80 23 79
4 39 51 34 12
4 39 80 36 79
4 39 34 80 36
4 39 51 23 6
4 39 51 12 6
4 39 62 97 79
4 39 23 97 79
4 39 36 62 79
4 39 96 12 6
4 39 96 62 97
4 39 23 97 6
4 39 96 97 6
4 48 113 105 64
4 48 113 37 64
4 48 77 26 105
4 48 26 105 64
4 48 53 20 78
4 48 77 20 78
4 48 26 115 64
4 48 37 115 64
4 48 77 26 20
4 48 37 53 115
4 48 53 20 115
4 48 26 20 115
4 59 89 41 50
4 59 89 102 50
4 59 89 34 102
4 59 89 41 12
4 59 89 34 12
4 59 34 81 102
4 59 113 37 81
4 59 37 102 50
4 59 37 81 102
4 93 22 114 41
4 93 59 41 12
4 93 114 41 12
4 93 96 114 12
4 87 48 77 105
4 87 48 113 105
4 87 77 13 105
4 87 48 77 78
4 87 24 13 105
4 87 113 24 105
4 87 2 77 78
4 87 2 77 13
4 87 22 2 78
4 87 93 113 24
4 38 48 53 78
4 38 53 25 78
4 38 87 48 78
4 38 87 48 113
4 38 48 37 53
4 38 48 113 37
4 38 53 25 50
4 38 37 53 50
4 38 22 25 78
4 38 87 22 78
4 38 87 93 113
4 38 41 25 50
4 38 59 37 50
4 38 59 113 37
4 38 87 93 22
4 38 59 41 50
4 38 22 41 25
4 38 93 22 41
4 38 93 59 41
4 38 93 59 113
4 14 93 96 12
4 14 93 59 12
4 14 39 96 12
4 14 93 96 24
4 14 39 34 12
4 14 59 34 12
4 14 93 113 24
4 14 93 59 113
4 14 39 34 36
4 14 96 24 62
4 14 39 96 62
4 14 34 81 36
4 14 59 34 81
4 14 39 36 62
4 14 94 24 62
4 14 113 94 24
4 14 94 81 36
4 14 94 36 62
4 14 113 94 81
4 14 59 113 81
4 100 93 22 114
4 100 35 114 75
4 100 22 114 75
4 100 35 96 114
4 100 93 96 114
4 100 35 75 65
4 100 35 96 116
4 100 35 116 65
4 100 87 93 22
4 100 2 75 65
4 100 22 2 75
4 100 96 24 116
4 100 93 96 24
4 100 87 22 2
4 100 87 93 24
4 100 116 13 65
4 100 2 13 65
4 100 87 2 13
4 100 24 116 13
4 100 87 24 13
